Command line invocation:
    /Applications/Xcode.app/Contents/Developer/usr/bin/xcodebuild -project CardGenie.xcodeproj -scheme CardGenie -configuration Debug -destination generic/platform=iOS clean build

2025-10-29 15:15:17.721 xcodebuild[17594:1159407] [MT] IDERunDestination: Supported platforms for the buildables in the current scheme is empty.
CreateBuildRequest

SendProjectDescription

CreateBuildOperation

** CLEAN SUCCEEDED **

ComputePackagePrebuildTargetDependencyGraph

Prepare packages

CreateBuildRequest

SendProjectDescription

CreateBuildOperation

ComputeTargetDependencyGraph
note: Building targets in dependency order
note: Target dependency graph (1 target)
    Target 'CardGenie' in project 'CardGenie' (no dependencies)

GatherProvisioningInputs

CreateBuildDescription

ExecuteExternalTool /Applications/Xcode.app/Contents/Developer/Toolchains/XcodeDefault.xctoolchain/usr/bin/clang -v -E -dM -isysroot /Applications/Xcode.app/Contents/Developer/Platforms/iPhoneOS.platform/Developer/SDKs/iPhoneOS26.0.sdk -x c -c /dev/null

ExecuteExternalTool /Applications/Xcode.app/Contents/Developer/usr/bin/actool --print-asset-tag-combinations --output-format xml1 /Users/rishabhbansal/Documents/GitHub/CardGenie/CardGenie/Assets.xcassets

ExecuteExternalTool /Applications/Xcode.app/Contents/Developer/usr/bin/actool --version --output-format xml1

ExecuteExternalTool /Applications/Xcode.app/Contents/Developer/Toolchains/XcodeDefault.xctoolchain/usr/bin/swiftc --version

ExecuteExternalTool /Applications/Xcode.app/Contents/Developer/Toolchains/XcodeDefault.xctoolchain/usr/bin/ld -version_details

Build description signature: c6b68675fd831cfc73db63c891652e46
Build description path: /Users/rishabhbansal/Library/Developer/Xcode/DerivedData/CardGenie-abzejwvgxjnzqnfepqusjahtzsma/Build/Intermediates.noindex/XCBuildData/c6b68675fd831cfc73db63c891652e46.xcbuilddata
ClangStatCache /Applications/Xcode.app/Contents/Developer/Toolchains/XcodeDefault.xctoolchain/usr/bin/clang-stat-cache /Applications/Xcode.app/Contents/Developer/Platforms/iPhoneOS.platform/Developer/SDKs/iPhoneOS26.0.sdk /Users/rishabhbansal/Library/Developer/Xcode/DerivedData/SDKStatCaches.noindex/iphoneos26.0-23A339-3885c01c3e6b6a337905948deab2002e81ce72e5b06c9602b9d30b56f2eed08a.sdkstatcache
    cd /Users/rishabhbansal/Documents/GitHub/CardGenie/CardGenie.xcodeproj
    /Applications/Xcode.app/Contents/Developer/Toolchains/XcodeDefault.xctoolchain/usr/bin/clang-stat-cache /Applications/Xcode.app/Contents/Developer/Platforms/iPhoneOS.platform/Developer/SDKs/iPhoneOS26.0.sdk -o /Users/rishabhbansal/Library/Developer/Xcode/DerivedData/SDKStatCaches.noindex/iphoneos26.0-23A339-3885c01c3e6b6a337905948deab2002e81ce72e5b06c9602b9d30b56f2eed08a.sdkstatcache

CreateBuildDirectory /Users/rishabhbansal/Library/Developer/Xcode/DerivedData/CardGenie-abzejwvgxjnzqnfepqusjahtzsma/Build/Products
    cd /Users/rishabhbansal/Documents/GitHub/CardGenie/CardGenie.xcodeproj
    builtin-create-build-directory /Users/rishabhbansal/Library/Developer/Xcode/DerivedData/CardGenie-abzejwvgxjnzqnfepqusjahtzsma/Build/Products

CreateBuildDirectory /Users/rishabhbansal/Library/Developer/Xcode/DerivedData/CardGenie-abzejwvgxjnzqnfepqusjahtzsma/Build/Intermediates.noindex
    cd /Users/rishabhbansal/Documents/GitHub/CardGenie/CardGenie.xcodeproj
    builtin-create-build-directory /Users/rishabhbansal/Library/Developer/Xcode/DerivedData/CardGenie-abzejwvgxjnzqnfepqusjahtzsma/Build/Intermediates.noindex

CreateBuildDirectory /Users/rishabhbansal/Library/Developer/Xcode/DerivedData/CardGenie-abzejwvgxjnzqnfepqusjahtzsma/Build/Intermediates.noindex/SwiftExplicitPrecompiledModules
    cd /Users/rishabhbansal/Documents/GitHub/CardGenie/CardGenie.xcodeproj
    builtin-create-build-directory /Users/rishabhbansal/Library/Developer/Xcode/DerivedData/CardGenie-abzejwvgxjnzqnfepqusjahtzsma/Build/Intermediates.noindex/SwiftExplicitPrecompiledModules

CreateBuildDirectory /Users/rishabhbansal/Library/Developer/Xcode/DerivedData/CardGenie-abzejwvgxjnzqnfepqusjahtzsma/Build/Intermediates.noindex/ExplicitPrecompiledModules
    cd /Users/rishabhbansal/Documents/GitHub/CardGenie/CardGenie.xcodeproj
    builtin-create-build-directory /Users/rishabhbansal/Library/Developer/Xcode/DerivedData/CardGenie-abzejwvgxjnzqnfepqusjahtzsma/Build/Intermediates.noindex/ExplicitPrecompiledModules

CreateBuildDirectory /Users/rishabhbansal/Library/Developer/Xcode/DerivedData/CardGenie-abzejwvgxjnzqnfepqusjahtzsma/Build/Intermediates.noindex/EagerLinkingTBDs/Debug-iphoneos
    cd /Users/rishabhbansal/Documents/GitHub/CardGenie/CardGenie.xcodeproj
    builtin-create-build-directory /Users/rishabhbansal/Library/Developer/Xcode/DerivedData/CardGenie-abzejwvgxjnzqnfepqusjahtzsma/Build/Intermediates.noindex/EagerLinkingTBDs/Debug-iphoneos

WriteAuxiliaryFile /Users/rishabhbansal/Library/Developer/Xcode/DerivedData/CardGenie-abzejwvgxjnzqnfepqusjahtzsma/Build/Intermediates.noindex/CardGenie.build/Debug-iphoneos/CardGenie-89709ed1bedd3eabdcdbe59423893e68-VFS-iphoneos/all-product-headers.yaml
    cd /Users/rishabhbansal/Documents/GitHub/CardGenie/CardGenie.xcodeproj
    write-file /Users/rishabhbansal/Library/Developer/Xcode/DerivedData/CardGenie-abzejwvgxjnzqnfepqusjahtzsma/Build/Intermediates.noindex/CardGenie.build/Debug-iphoneos/CardGenie-89709ed1bedd3eabdcdbe59423893e68-VFS-iphoneos/all-product-headers.yaml

CreateBuildDirectory /Users/rishabhbansal/Library/Developer/Xcode/DerivedData/CardGenie-abzejwvgxjnzqnfepqusjahtzsma/Build/Products/Debug-iphoneos
    cd /Users/rishabhbansal/Documents/GitHub/CardGenie/CardGenie.xcodeproj
    builtin-create-build-directory /Users/rishabhbansal/Library/Developer/Xcode/DerivedData/CardGenie-abzejwvgxjnzqnfepqusjahtzsma/Build/Products/Debug-iphoneos

WriteAuxiliaryFile /Users/rishabhbansal/Library/Developer/Xcode/DerivedData/CardGenie-abzejwvgxjnzqnfepqusjahtzsma/Build/Intermediates.noindex/CardGenie.build/Debug-iphoneos/CardGenie.build/empty-CardGenie.plist (in target 'CardGenie' from project 'CardGenie')
    cd /Users/rishabhbansal/Documents/GitHub/CardGenie
    write-file /Users/rishabhbansal/Library/Developer/Xcode/DerivedData/CardGenie-abzejwvgxjnzqnfepqusjahtzsma/Build/Intermediates.noindex/CardGenie.build/Debug-iphoneos/CardGenie.build/empty-CardGenie.plist

WriteAuxiliaryFile /Users/rishabhbansal/Library/Developer/Xcode/DerivedData/CardGenie-abzejwvgxjnzqnfepqusjahtzsma/Build/Intermediates.noindex/CardGenie.build/Debug-iphoneos/CardGenie.build/CardGenie.hmap (in target 'CardGenie' from project 'CardGenie')
    cd /Users/rishabhbansal/Documents/GitHub/CardGenie
    write-file /Users/rishabhbansal/Library/Developer/Xcode/DerivedData/CardGenie-abzejwvgxjnzqnfepqusjahtzsma/Build/Intermediates.noindex/CardGenie.build/Debug-iphoneos/CardGenie.build/CardGenie.hmap

WriteAuxiliaryFile /Users/rishabhbansal/Library/Developer/Xcode/DerivedData/CardGenie-abzejwvgxjnzqnfepqusjahtzsma/Build/Intermediates.noindex/CardGenie.build/Debug-iphoneos/CardGenie.build/CardGenie-own-target-headers.hmap (in target 'CardGenie' from project 'CardGenie')
    cd /Users/rishabhbansal/Documents/GitHub/CardGenie
    write-file /Users/rishabhbansal/Library/Developer/Xcode/DerivedData/CardGenie-abzejwvgxjnzqnfepqusjahtzsma/Build/Intermediates.noindex/CardGenie.build/Debug-iphoneos/CardGenie.build/CardGenie-own-target-headers.hmap

WriteAuxiliaryFile /Users/rishabhbansal/Library/Developer/Xcode/DerivedData/CardGenie-abzejwvgxjnzqnfepqusjahtzsma/Build/Intermediates.noindex/CardGenie.build/Debug-iphoneos/CardGenie.build/CardGenie-generated-files.hmap (in target 'CardGenie' from project 'CardGenie')
    cd /Users/rishabhbansal/Documents/GitHub/CardGenie
    write-file /Users/rishabhbansal/Library/Developer/Xcode/DerivedData/CardGenie-abzejwvgxjnzqnfepqusjahtzsma/Build/Intermediates.noindex/CardGenie.build/Debug-iphoneos/CardGenie.build/CardGenie-generated-files.hmap

WriteAuxiliaryFile /Users/rishabhbansal/Library/Developer/Xcode/DerivedData/CardGenie-abzejwvgxjnzqnfepqusjahtzsma/Build/Intermediates.noindex/CardGenie.build/Debug-iphoneos/CardGenie.build/DerivedSources/Entitlements.plist (in target 'CardGenie' from project 'CardGenie')
    cd /Users/rishabhbansal/Documents/GitHub/CardGenie
    write-file /Users/rishabhbansal/Library/Developer/Xcode/DerivedData/CardGenie-abzejwvgxjnzqnfepqusjahtzsma/Build/Intermediates.noindex/CardGenie.build/Debug-iphoneos/CardGenie.build/DerivedSources/Entitlements.plist

WriteAuxiliaryFile /Users/rishabhbansal/Library/Developer/Xcode/DerivedData/CardGenie-abzejwvgxjnzqnfepqusjahtzsma/Build/Intermediates.noindex/CardGenie.build/Debug-iphoneos/CardGenie.build/CardGenie.DependencyStaticMetadataFileList (in target 'CardGenie' from project 'CardGenie')
    cd /Users/rishabhbansal/Documents/GitHub/CardGenie
    write-file /Users/rishabhbansal/Library/Developer/Xcode/DerivedData/CardGenie-abzejwvgxjnzqnfepqusjahtzsma/Build/Intermediates.noindex/CardGenie.build/Debug-iphoneos/CardGenie.build/CardGenie.DependencyStaticMetadataFileList

WriteAuxiliaryFile /Users/rishabhbansal/Library/Developer/Xcode/DerivedData/CardGenie-abzejwvgxjnzqnfepqusjahtzsma/Build/Intermediates.noindex/CardGenie.build/Debug-iphoneos/CardGenie.build/CardGenie.DependencyMetadataFileList (in target 'CardGenie' from project 'CardGenie')
    cd /Users/rishabhbansal/Documents/GitHub/CardGenie
    write-file /Users/rishabhbansal/Library/Developer/Xcode/DerivedData/CardGenie-abzejwvgxjnzqnfepqusjahtzsma/Build/Intermediates.noindex/CardGenie.build/Debug-iphoneos/CardGenie.build/CardGenie.DependencyMetadataFileList

WriteAuxiliaryFile /Users/rishabhbansal/Library/Developer/Xcode/DerivedData/CardGenie-abzejwvgxjnzqnfepqusjahtzsma/Build/Intermediates.noindex/CardGenie.build/Debug-iphoneos/CardGenie.build/CardGenie-project-headers.hmap (in target 'CardGenie' from project 'CardGenie')
    cd /Users/rishabhbansal/Documents/GitHub/CardGenie
    write-file /Users/rishabhbansal/Library/Developer/Xcode/DerivedData/CardGenie-abzejwvgxjnzqnfepqusjahtzsma/Build/Intermediates.noindex/CardGenie.build/Debug-iphoneos/CardGenie.build/CardGenie-project-headers.hmap

WriteAuxiliaryFile /Users/rishabhbansal/Library/Developer/Xcode/DerivedData/CardGenie-abzejwvgxjnzqnfepqusjahtzsma/Build/Intermediates.noindex/CardGenie.build/Debug-iphoneos/CardGenie.build/Objects-normal/arm64/CardGenie_const_extract_protocols.json (in target 'CardGenie' from project 'CardGenie')
    cd /Users/rishabhbansal/Documents/GitHub/CardGenie
    write-file /Users/rishabhbansal/Library/Developer/Xcode/DerivedData/CardGenie-abzejwvgxjnzqnfepqusjahtzsma/Build/Intermediates.noindex/CardGenie.build/Debug-iphoneos/CardGenie.build/Objects-normal/arm64/CardGenie_const_extract_protocols.json

WriteAuxiliaryFile /Users/rishabhbansal/Library/Developer/Xcode/DerivedData/CardGenie-abzejwvgxjnzqnfepqusjahtzsma/Build/Intermediates.noindex/CardGenie.build/Debug-iphoneos/CardGenie.build/Objects-normal/arm64/CardGenie-OutputFileMap.json (in target 'CardGenie' from project 'CardGenie')
    cd /Users/rishabhbansal/Documents/GitHub/CardGenie
    write-file /Users/rishabhbansal/Library/Developer/Xcode/DerivedData/CardGenie-abzejwvgxjnzqnfepqusjahtzsma/Build/Intermediates.noindex/CardGenie.build/Debug-iphoneos/CardGenie.build/Objects-normal/arm64/CardGenie-OutputFileMap.json

WriteAuxiliaryFile /Users/rishabhbansal/Library/Developer/Xcode/DerivedData/CardGenie-abzejwvgxjnzqnfepqusjahtzsma/Build/Intermediates.noindex/CardGenie.build/Debug-iphoneos/CardGenie.build/Objects-normal/arm64/CardGenie.SwiftFileList (in target 'CardGenie' from project 'CardGenie')
    cd /Users/rishabhbansal/Documents/GitHub/CardGenie
    write-file /Users/rishabhbansal/Library/Developer/Xcode/DerivedData/CardGenie-abzejwvgxjnzqnfepqusjahtzsma/Build/Intermediates.noindex/CardGenie.build/Debug-iphoneos/CardGenie.build/Objects-normal/arm64/CardGenie.SwiftFileList

WriteAuxiliaryFile /Users/rishabhbansal/Library/Developer/Xcode/DerivedData/CardGenie-abzejwvgxjnzqnfepqusjahtzsma/Build/Intermediates.noindex/CardGenie.build/Debug-iphoneos/CardGenie.build/Objects-normal/arm64/CardGenie.LinkFileList (in target 'CardGenie' from project 'CardGenie')
    cd /Users/rishabhbansal/Documents/GitHub/CardGenie
    write-file /Users/rishabhbansal/Library/Developer/Xcode/DerivedData/CardGenie-abzejwvgxjnzqnfepqusjahtzsma/Build/Intermediates.noindex/CardGenie.build/Debug-iphoneos/CardGenie.build/Objects-normal/arm64/CardGenie.LinkFileList

WriteAuxiliaryFile /Users/rishabhbansal/Library/Developer/Xcode/DerivedData/CardGenie-abzejwvgxjnzqnfepqusjahtzsma/Build/Intermediates.noindex/CardGenie.build/Debug-iphoneos/CardGenie.build/Objects-normal/arm64/CardGenie.SwiftConstValuesFileList (in target 'CardGenie' from project 'CardGenie')
    cd /Users/rishabhbansal/Documents/GitHub/CardGenie
    write-file /Users/rishabhbansal/Library/Developer/Xcode/DerivedData/CardGenie-abzejwvgxjnzqnfepqusjahtzsma/Build/Intermediates.noindex/CardGenie.build/Debug-iphoneos/CardGenie.build/Objects-normal/arm64/CardGenie.SwiftConstValuesFileList

WriteAuxiliaryFile /Users/rishabhbansal/Library/Developer/Xcode/DerivedData/CardGenie-abzejwvgxjnzqnfepqusjahtzsma/Build/Intermediates.noindex/CardGenie.build/Debug-iphoneos/CardGenie.build/CardGenie-all-target-headers.hmap (in target 'CardGenie' from project 'CardGenie')
    cd /Users/rishabhbansal/Documents/GitHub/CardGenie
    write-file /Users/rishabhbansal/Library/Developer/Xcode/DerivedData/CardGenie-abzejwvgxjnzqnfepqusjahtzsma/Build/Intermediates.noindex/CardGenie.build/Debug-iphoneos/CardGenie.build/CardGenie-all-target-headers.hmap

WriteAuxiliaryFile /Users/rishabhbansal/Library/Developer/Xcode/DerivedData/CardGenie-abzejwvgxjnzqnfepqusjahtzsma/Build/Intermediates.noindex/CardGenie.build/Debug-iphoneos/CardGenie.build/CardGenie-all-non-framework-target-headers.hmap (in target 'CardGenie' from project 'CardGenie')
    cd /Users/rishabhbansal/Documents/GitHub/CardGenie
    write-file /Users/rishabhbansal/Library/Developer/Xcode/DerivedData/CardGenie-abzejwvgxjnzqnfepqusjahtzsma/Build/Intermediates.noindex/CardGenie.build/Debug-iphoneos/CardGenie.build/CardGenie-all-non-framework-target-headers.hmap

WriteAuxiliaryFile /Users/rishabhbansal/Library/Developer/Xcode/DerivedData/CardGenie-abzejwvgxjnzqnfepqusjahtzsma/Build/Intermediates.noindex/CardGenie.build/Debug-iphoneos/CardGenie.build/CardGenie-DebugDylibPath-normal-arm64.txt (in target 'CardGenie' from project 'CardGenie')
    cd /Users/rishabhbansal/Documents/GitHub/CardGenie
    write-file /Users/rishabhbansal/Library/Developer/Xcode/DerivedData/CardGenie-abzejwvgxjnzqnfepqusjahtzsma/Build/Intermediates.noindex/CardGenie.build/Debug-iphoneos/CardGenie.build/CardGenie-DebugDylibPath-normal-arm64.txt

WriteAuxiliaryFile /Users/rishabhbansal/Library/Developer/Xcode/DerivedData/CardGenie-abzejwvgxjnzqnfepqusjahtzsma/Build/Intermediates.noindex/CardGenie.build/Debug-iphoneos/CardGenie.build/CardGenie-DebugDylibInstallName-normal-arm64.txt (in target 'CardGenie' from project 'CardGenie')
    cd /Users/rishabhbansal/Documents/GitHub/CardGenie
    write-file /Users/rishabhbansal/Library/Developer/Xcode/DerivedData/CardGenie-abzejwvgxjnzqnfepqusjahtzsma/Build/Intermediates.noindex/CardGenie.build/Debug-iphoneos/CardGenie.build/CardGenie-DebugDylibInstallName-normal-arm64.txt

MkDir /Users/rishabhbansal/Library/Developer/Xcode/DerivedData/CardGenie-abzejwvgxjnzqnfepqusjahtzsma/Build/Products/Debug-iphoneos/CardGenie.app (in target 'CardGenie' from project 'CardGenie')
    cd /Users/rishabhbansal/Documents/GitHub/CardGenie
    /bin/mkdir -p /Users/rishabhbansal/Library/Developer/Xcode/DerivedData/CardGenie-abzejwvgxjnzqnfepqusjahtzsma/Build/Products/Debug-iphoneos/CardGenie.app

ProcessProductPackaging /Users/rishabhbansal/Library/Developer/Xcode/UserData/Provisioning\ Profiles/8a89ffcd-6f6e-4319-963e-cfbd52a26ff7.mobileprovision /Users/rishabhbansal/Library/Developer/Xcode/DerivedData/CardGenie-abzejwvgxjnzqnfepqusjahtzsma/Build/Products/Debug-iphoneos/CardGenie.app/embedded.mobileprovision (in target 'CardGenie' from project 'CardGenie')
    cd /Users/rishabhbansal/Documents/GitHub/CardGenie
    builtin-productPackagingUtility /Users/rishabhbansal/Library/Developer/Xcode/UserData/Provisioning\ Profiles/8a89ffcd-6f6e-4319-963e-cfbd52a26ff7.mobileprovision -o /Users/rishabhbansal/Library/Developer/Xcode/DerivedData/CardGenie-abzejwvgxjnzqnfepqusjahtzsma/Build/Products/Debug-iphoneos/CardGenie.app/embedded.mobileprovision

ProcessProductPackaging "" /Users/rishabhbansal/Library/Developer/Xcode/DerivedData/CardGenie-abzejwvgxjnzqnfepqusjahtzsma/Build/Intermediates.noindex/CardGenie.build/Debug-iphoneos/CardGenie.build/CardGenie.app.xcent (in target 'CardGenie' from project 'CardGenie')
    cd /Users/rishabhbansal/Documents/GitHub/CardGenie
    
    Entitlements:
    
    {
    "application-identifier" = "UZD4BS94DT.com.rishabh.CardGenie";
    "com.apple.developer.team-identifier" = UZD4BS94DT;
    "get-task-allow" = 1;
}
    
    builtin-productPackagingUtility -entitlements -format xml -o /Users/rishabhbansal/Library/Developer/Xcode/DerivedData/CardGenie-abzejwvgxjnzqnfepqusjahtzsma/Build/Intermediates.noindex/CardGenie.build/Debug-iphoneos/CardGenie.build/CardGenie.app.xcent

ProcessProductPackagingDER /Users/rishabhbansal/Library/Developer/Xcode/DerivedData/CardGenie-abzejwvgxjnzqnfepqusjahtzsma/Build/Intermediates.noindex/CardGenie.build/Debug-iphoneos/CardGenie.build/CardGenie.app.xcent /Users/rishabhbansal/Library/Developer/Xcode/DerivedData/CardGenie-abzejwvgxjnzqnfepqusjahtzsma/Build/Intermediates.noindex/CardGenie.build/Debug-iphoneos/CardGenie.build/CardGenie.app.xcent.der (in target 'CardGenie' from project 'CardGenie')
    cd /Users/rishabhbansal/Documents/GitHub/CardGenie
    /usr/bin/derq query -f xml -i /Users/rishabhbansal/Library/Developer/Xcode/DerivedData/CardGenie-abzejwvgxjnzqnfepqusjahtzsma/Build/Intermediates.noindex/CardGenie.build/Debug-iphoneos/CardGenie.build/CardGenie.app.xcent -o /Users/rishabhbansal/Library/Developer/Xcode/DerivedData/CardGenie-abzejwvgxjnzqnfepqusjahtzsma/Build/Intermediates.noindex/CardGenie.build/Debug-iphoneos/CardGenie.build/CardGenie.app.xcent.der --raw

Ld /Users/rishabhbansal/Library/Developer/Xcode/DerivedData/CardGenie-abzejwvgxjnzqnfepqusjahtzsma/Build/Products/Debug-iphoneos/CardGenie.app/__preview.dylib normal (in target 'CardGenie' from project 'CardGenie')
    cd /Users/rishabhbansal/Documents/GitHub/CardGenie
    /Applications/Xcode.app/Contents/Developer/Toolchains/XcodeDefault.xctoolchain/usr/bin/clang -Xlinker -reproducible -target arm64-apple-ios26.0 -dynamiclib -isysroot /Applications/Xcode.app/Contents/Developer/Platforms/iPhoneOS.platform/Developer/SDKs/iPhoneOS26.0.sdk -O0 -L/Users/rishabhbansal/Library/Developer/Xcode/DerivedData/CardGenie-abzejwvgxjnzqnfepqusjahtzsma/Build/Products/Debug-iphoneos -F/Users/rishabhbansal/Library/Developer/Xcode/DerivedData/CardGenie-abzejwvgxjnzqnfepqusjahtzsma/Build/Products/Debug-iphoneos -install_name @rpath/CardGenie.debug.dylib -dead_strip -rdynamic -Xlinker -no_deduplicate -Xlinker -debug_variant -Xlinker -dependency_info -Xlinker /Users/rishabhbansal/Library/Developer/Xcode/DerivedData/CardGenie-abzejwvgxjnzqnfepqusjahtzsma/Build/Intermediates.noindex/CardGenie.build/Debug-iphoneos/CardGenie.build/Objects-normal/arm64/CardGenie_dependency_info.dat -Xlinker -no_adhoc_codesign -o /Users/rishabhbansal/Library/Developer/Xcode/DerivedData/CardGenie-abzejwvgxjnzqnfepqusjahtzsma/Build/Products/Debug-iphoneos/CardGenie.app/__preview.dylib

CpResource /Users/rishabhbansal/Library/Developer/Xcode/DerivedData/CardGenie-abzejwvgxjnzqnfepqusjahtzsma/Build/Products/Debug-iphoneos/CardGenie.app/System.md /Users/rishabhbansal/Documents/GitHub/CardGenie/CardGenie/Intelligence/Prompts/System.md (in target 'CardGenie' from project 'CardGenie')
    cd /Users/rishabhbansal/Documents/GitHub/CardGenie
    builtin-copy -exclude .DS_Store -exclude CVS -exclude .svn -exclude .git -exclude .hg -resolve-src-symlinks /Users/rishabhbansal/Documents/GitHub/CardGenie/CardGenie/Intelligence/Prompts/System.md /Users/rishabhbansal/Library/Developer/Xcode/DerivedData/CardGenie-abzejwvgxjnzqnfepqusjahtzsma/Build/Products/Debug-iphoneos/CardGenie.app

CpResource /Users/rishabhbansal/Library/Developer/Xcode/DerivedData/CardGenie-abzejwvgxjnzqnfepqusjahtzsma/Build/Products/Debug-iphoneos/CardGenie.app/StudyPlan.md /Users/rishabhbansal/Documents/GitHub/CardGenie/CardGenie/Intelligence/Prompts/StudyPlan.md (in target 'CardGenie' from project 'CardGenie')
    cd /Users/rishabhbansal/Documents/GitHub/CardGenie
    builtin-copy -exclude .DS_Store -exclude CVS -exclude .svn -exclude .git -exclude .hg -resolve-src-symlinks /Users/rishabhbansal/Documents/GitHub/CardGenie/CardGenie/Intelligence/Prompts/StudyPlan.md /Users/rishabhbansal/Library/Developer/Xcode/DerivedData/CardGenie-abzejwvgxjnzqnfepqusjahtzsma/Build/Products/Debug-iphoneos/CardGenie.app

CpResource /Users/rishabhbansal/Library/Developer/Xcode/DerivedData/CardGenie-abzejwvgxjnzqnfepqusjahtzsma/Build/Products/Debug-iphoneos/CardGenie.app/QuizBuilder.md /Users/rishabhbansal/Documents/GitHub/CardGenie/CardGenie/Intelligence/Prompts/QuizBuilder.md (in target 'CardGenie' from project 'CardGenie')
    cd /Users/rishabhbansal/Documents/GitHub/CardGenie
    builtin-copy -exclude .DS_Store -exclude CVS -exclude .svn -exclude .git -exclude .hg -resolve-src-symlinks /Users/rishabhbansal/Documents/GitHub/CardGenie/CardGenie/Intelligence/Prompts/QuizBuilder.md /Users/rishabhbansal/Library/Developer/Xcode/DerivedData/CardGenie-abzejwvgxjnzqnfepqusjahtzsma/Build/Products/Debug-iphoneos/CardGenie.app

GenerateAssetSymbols /Users/rishabhbansal/Documents/GitHub/CardGenie/CardGenie/Assets.xcassets (in target 'CardGenie' from project 'CardGenie')
    cd /Users/rishabhbansal/Documents/GitHub/CardGenie
    /Applications/Xcode.app/Contents/Developer/usr/bin/actool /Users/rishabhbansal/Documents/GitHub/CardGenie/CardGenie/Assets.xcassets --compile /Users/rishabhbansal/Library/Developer/Xcode/DerivedData/CardGenie-abzejwvgxjnzqnfepqusjahtzsma/Build/Products/Debug-iphoneos/CardGenie.app --output-format human-readable-text --notices --warnings --export-dependency-info /Users/rishabhbansal/Library/Developer/Xcode/DerivedData/CardGenie-abzejwvgxjnzqnfepqusjahtzsma/Build/Intermediates.noindex/CardGenie.build/Debug-iphoneos/CardGenie.build/assetcatalog_dependencies --output-partial-info-plist /Users/rishabhbansal/Library/Developer/Xcode/DerivedData/CardGenie-abzejwvgxjnzqnfepqusjahtzsma/Build/Intermediates.noindex/CardGenie.build/Debug-iphoneos/CardGenie.build/assetcatalog_generated_info.plist --app-icon AppIcon --accent-color AccentColor --compress-pngs --enable-on-demand-resources YES --development-region en --target-device iphone --target-device ipad --minimum-deployment-target 26.0 --platform iphoneos --bundle-identifier com.rishabh.CardGenie --generate-swift-asset-symbols /Users/rishabhbansal/Library/Developer/Xcode/DerivedData/CardGenie-abzejwvgxjnzqnfepqusjahtzsma/Build/Intermediates.noindex/CardGenie.build/Debug-iphoneos/CardGenie.build/DerivedSources/GeneratedAssetSymbols.swift --generate-objc-asset-symbols /Users/rishabhbansal/Library/Developer/Xcode/DerivedData/CardGenie-abzejwvgxjnzqnfepqusjahtzsma/Build/Intermediates.noindex/CardGenie.build/Debug-iphoneos/CardGenie.build/DerivedSources/GeneratedAssetSymbols.h --generate-asset-symbol-index /Users/rishabhbansal/Library/Developer/Xcode/DerivedData/CardGenie-abzejwvgxjnzqnfepqusjahtzsma/Build/Intermediates.noindex/CardGenie.build/Debug-iphoneos/CardGenie.build/DerivedSources/GeneratedAssetSymbols-Index.plist
/* com.apple.actool.compilation-results */
/Users/rishabhbansal/Library/Developer/Xcode/DerivedData/CardGenie-abzejwvgxjnzqnfepqusjahtzsma/Build/Intermediates.noindex/CardGenie.build/Debug-iphoneos/CardGenie.build/DerivedSources/GeneratedAssetSymbols-Index.plist
/Users/rishabhbansal/Library/Developer/Xcode/DerivedData/CardGenie-abzejwvgxjnzqnfepqusjahtzsma/Build/Intermediates.noindex/CardGenie.build/Debug-iphoneos/CardGenie.build/DerivedSources/GeneratedAssetSymbols.h
/Users/rishabhbansal/Library/Developer/Xcode/DerivedData/CardGenie-abzejwvgxjnzqnfepqusjahtzsma/Build/Intermediates.noindex/CardGenie.build/Debug-iphoneos/CardGenie.build/DerivedSources/GeneratedAssetSymbols.swift


CpResource /Users/rishabhbansal/Library/Developer/Xcode/DerivedData/CardGenie-abzejwvgxjnzqnfepqusjahtzsma/Build/Products/Debug-iphoneos/CardGenie.app/FlashcardGeneration.md /Users/rishabhbansal/Documents/GitHub/CardGenie/CardGenie/Intelligence/Prompts/FlashcardGeneration.md (in target 'CardGenie' from project 'CardGenie')
    cd /Users/rishabhbansal/Documents/GitHub/CardGenie
    builtin-copy -exclude .DS_Store -exclude CVS -exclude .svn -exclude .git -exclude .hg -resolve-src-symlinks /Users/rishabhbansal/Documents/GitHub/CardGenie/CardGenie/Intelligence/Prompts/FlashcardGeneration.md /Users/rishabhbansal/Library/Developer/Xcode/DerivedData/CardGenie-abzejwvgxjnzqnfepqusjahtzsma/Build/Products/Debug-iphoneos/CardGenie.app

MkDir /Users/rishabhbansal/Library/Developer/Xcode/DerivedData/CardGenie-abzejwvgxjnzqnfepqusjahtzsma/Build/Intermediates.noindex/CardGenie.build/Debug-iphoneos/CardGenie.build/assetcatalog_output/thinned (in target 'CardGenie' from project 'CardGenie')
    cd /Users/rishabhbansal/Documents/GitHub/CardGenie
    /bin/mkdir -p /Users/rishabhbansal/Library/Developer/Xcode/DerivedData/CardGenie-abzejwvgxjnzqnfepqusjahtzsma/Build/Intermediates.noindex/CardGenie.build/Debug-iphoneos/CardGenie.build/assetcatalog_output/thinned

MkDir /Users/rishabhbansal/Library/Developer/Xcode/DerivedData/CardGenie-abzejwvgxjnzqnfepqusjahtzsma/Build/Intermediates.noindex/CardGenie.build/Debug-iphoneos/CardGenie.build/assetcatalog_output/unthinned (in target 'CardGenie' from project 'CardGenie')
    cd /Users/rishabhbansal/Documents/GitHub/CardGenie
    /bin/mkdir -p /Users/rishabhbansal/Library/Developer/Xcode/DerivedData/CardGenie-abzejwvgxjnzqnfepqusjahtzsma/Build/Intermediates.noindex/CardGenie.build/Debug-iphoneos/CardGenie.build/assetcatalog_output/unthinned

CompileAssetCatalogVariant thinned /Users/rishabhbansal/Library/Developer/Xcode/DerivedData/CardGenie-abzejwvgxjnzqnfepqusjahtzsma/Build/Products/Debug-iphoneos/CardGenie.app /Users/rishabhbansal/Documents/GitHub/CardGenie/CardGenie/Assets.xcassets (in target 'CardGenie' from project 'CardGenie')
    cd /Users/rishabhbansal/Documents/GitHub/CardGenie
    /Applications/Xcode.app/Contents/Developer/usr/bin/actool /Users/rishabhbansal/Documents/GitHub/CardGenie/CardGenie/Assets.xcassets --compile /Users/rishabhbansal/Library/Developer/Xcode/DerivedData/CardGenie-abzejwvgxjnzqnfepqusjahtzsma/Build/Intermediates.noindex/CardGenie.build/Debug-iphoneos/CardGenie.build/assetcatalog_output/thinned --output-format human-readable-text --notices --warnings --export-dependency-info /Users/rishabhbansal/Library/Developer/Xcode/DerivedData/CardGenie-abzejwvgxjnzqnfepqusjahtzsma/Build/Intermediates.noindex/CardGenie.build/Debug-iphoneos/CardGenie.build/assetcatalog_dependencies_thinned --output-partial-info-plist /Users/rishabhbansal/Library/Developer/Xcode/DerivedData/CardGenie-abzejwvgxjnzqnfepqusjahtzsma/Build/Intermediates.noindex/CardGenie.build/Debug-iphoneos/CardGenie.build/assetcatalog_generated_info.plist_thinned --app-icon AppIcon --accent-color AccentColor --compress-pngs --enable-on-demand-resources YES --development-region en --target-device iphone --target-device ipad --minimum-deployment-target 26.0 --platform iphoneos
/* com.apple.actool.compilation-results */
/Users/rishabhbansal/Library/Developer/Xcode/DerivedData/CardGenie-abzejwvgxjnzqnfepqusjahtzsma/Build/Intermediates.noindex/CardGenie.build/Debug-iphoneos/CardGenie.build/assetcatalog_generated_info.plist_thinned


LinkAssetCatalog /Users/rishabhbansal/Documents/GitHub/CardGenie/CardGenie/Assets.xcassets (in target 'CardGenie' from project 'CardGenie')
    cd /Users/rishabhbansal/Documents/GitHub/CardGenie
    builtin-linkAssetCatalog --thinned /Users/rishabhbansal/Library/Developer/Xcode/DerivedData/CardGenie-abzejwvgxjnzqnfepqusjahtzsma/Build/Intermediates.noindex/CardGenie.build/Debug-iphoneos/CardGenie.build/assetcatalog_output/thinned --thinned-dependencies /Users/rishabhbansal/Library/Developer/Xcode/DerivedData/CardGenie-abzejwvgxjnzqnfepqusjahtzsma/Build/Intermediates.noindex/CardGenie.build/Debug-iphoneos/CardGenie.build/assetcatalog_dependencies_thinned --thinned-info-plist-content /Users/rishabhbansal/Library/Developer/Xcode/DerivedData/CardGenie-abzejwvgxjnzqnfepqusjahtzsma/Build/Intermediates.noindex/CardGenie.build/Debug-iphoneos/CardGenie.build/assetcatalog_generated_info.plist_thinned --unthinned /Users/rishabhbansal/Library/Developer/Xcode/DerivedData/CardGenie-abzejwvgxjnzqnfepqusjahtzsma/Build/Intermediates.noindex/CardGenie.build/Debug-iphoneos/CardGenie.build/assetcatalog_output/unthinned --unthinned-dependencies /Users/rishabhbansal/Library/Developer/Xcode/DerivedData/CardGenie-abzejwvgxjnzqnfepqusjahtzsma/Build/Intermediates.noindex/CardGenie.build/Debug-iphoneos/CardGenie.build/assetcatalog_dependencies_unthinned --unthinned-info-plist-content /Users/rishabhbansal/Library/Developer/Xcode/DerivedData/CardGenie-abzejwvgxjnzqnfepqusjahtzsma/Build/Intermediates.noindex/CardGenie.build/Debug-iphoneos/CardGenie.build/assetcatalog_generated_info.plist_unthinned --output /Users/rishabhbansal/Library/Developer/Xcode/DerivedData/CardGenie-abzejwvgxjnzqnfepqusjahtzsma/Build/Products/Debug-iphoneos/CardGenie.app --plist-output /Users/rishabhbansal/Library/Developer/Xcode/DerivedData/CardGenie-abzejwvgxjnzqnfepqusjahtzsma/Build/Intermediates.noindex/CardGenie.build/Debug-iphoneos/CardGenie.build/assetcatalog_generated_info.plist

ProcessInfoPlistFile /Users/rishabhbansal/Library/Developer/Xcode/DerivedData/CardGenie-abzejwvgxjnzqnfepqusjahtzsma/Build/Products/Debug-iphoneos/CardGenie.app/Info.plist /Users/rishabhbansal/Library/Developer/Xcode/DerivedData/CardGenie-abzejwvgxjnzqnfepqusjahtzsma/Build/Intermediates.noindex/CardGenie.build/Debug-iphoneos/CardGenie.build/empty-CardGenie.plist (in target 'CardGenie' from project 'CardGenie')
    cd /Users/rishabhbansal/Documents/GitHub/CardGenie
    builtin-infoPlistUtility /Users/rishabhbansal/Library/Developer/Xcode/DerivedData/CardGenie-abzejwvgxjnzqnfepqusjahtzsma/Build/Intermediates.noindex/CardGenie.build/Debug-iphoneos/CardGenie.build/empty-CardGenie.plist -producttype com.apple.product-type.application -genpkginfo /Users/rishabhbansal/Library/Developer/Xcode/DerivedData/CardGenie-abzejwvgxjnzqnfepqusjahtzsma/Build/Products/Debug-iphoneos/CardGenie.app/PkgInfo -expandbuildsettings -format binary -platform iphoneos -additionalcontentfile /Users/rishabhbansal/Library/Developer/Xcode/DerivedData/CardGenie-abzejwvgxjnzqnfepqusjahtzsma/Build/Intermediates.noindex/CardGenie.build/Debug-iphoneos/CardGenie.build/assetcatalog_generated_info.plist -requiredArchitecture arm64 -o /Users/rishabhbansal/Library/Developer/Xcode/DerivedData/CardGenie-abzejwvgxjnzqnfepqusjahtzsma/Build/Products/Debug-iphoneos/CardGenie.app/Info.plist

SwiftDriver CardGenie normal arm64 com.apple.xcode.tools.swift.compiler (in target 'CardGenie' from project 'CardGenie')
    cd /Users/rishabhbansal/Documents/GitHub/CardGenie
    builtin-SwiftDriver -- /Applications/Xcode.app/Contents/Developer/Toolchains/XcodeDefault.xctoolchain/usr/bin/swiftc -module-name CardGenie -Onone -enforce-exclusivity\=checked @/Users/rishabhbansal/Library/Developer/Xcode/DerivedData/CardGenie-abzejwvgxjnzqnfepqusjahtzsma/Build/Intermediates.noindex/CardGenie.build/Debug-iphoneos/CardGenie.build/Objects-normal/arm64/CardGenie.SwiftFileList -DDEBUG -default-isolation\=MainActor -enable-bare-slash-regex -enable-upcoming-feature DisableOutwardActorInference -enable-upcoming-feature InferSendableFromCaptures -enable-upcoming-feature GlobalActorIsolatedTypesUsability -enable-upcoming-feature MemberImportVisibility -enable-upcoming-feature InferIsolatedConformances -enable-upcoming-feature NonisolatedNonsendingByDefault -enable-experimental-feature DebugDescriptionMacro -sdk /Applications/Xcode.app/Contents/Developer/Platforms/iPhoneOS.platform/Developer/SDKs/iPhoneOS26.0.sdk -target arm64-apple-ios26.0 -g -module-cache-path /Users/rishabhbansal/Library/Developer/Xcode/DerivedData/ModuleCache.noindex -Xfrontend -serialize-debugging-options -profile-coverage-mapping -profile-generate -enable-testing -index-store-path /Users/rishabhbansal/Library/Developer/Xcode/DerivedData/CardGenie-abzejwvgxjnzqnfepqusjahtzsma/Index.noindex/DataStore -Xcc -D_LIBCPP_HARDENING_MODE\=_LIBCPP_HARDENING_MODE_DEBUG -swift-version 5 -I /Users/rishabhbansal/Library/Developer/Xcode/DerivedData/CardGenie-abzejwvgxjnzqnfepqusjahtzsma/Build/Products/Debug-iphoneos -F /Users/rishabhbansal/Library/Developer/Xcode/DerivedData/CardGenie-abzejwvgxjnzqnfepqusjahtzsma/Build/Products/Debug-iphoneos -c -j14 -enable-batch-mode -incremental -Xcc -ivfsstatcache -Xcc /Users/rishabhbansal/Library/Developer/Xcode/DerivedData/SDKStatCaches.noindex/iphoneos26.0-23A339-3885c01c3e6b6a337905948deab2002e81ce72e5b06c9602b9d30b56f2eed08a.sdkstatcache -output-file-map /Users/rishabhbansal/Library/Developer/Xcode/DerivedData/CardGenie-abzejwvgxjnzqnfepqusjahtzsma/Build/Intermediates.noindex/CardGenie.build/Debug-iphoneos/CardGenie.build/Objects-normal/arm64/CardGenie-OutputFileMap.json -use-frontend-parseable-output -save-temps -no-color-diagnostics -explicit-module-build -module-cache-path /Users/rishabhbansal/Library/Developer/Xcode/DerivedData/CardGenie-abzejwvgxjnzqnfepqusjahtzsma/Build/Intermediates.noindex/SwiftExplicitPrecompiledModules -clang-scanner-module-cache-path /Users/rishabhbansal/Library/Developer/Xcode/DerivedData/ModuleCache.noindex -sdk-module-cache-path /Users/rishabhbansal/Library/Developer/Xcode/DerivedData/ModuleCache.noindex -serialize-diagnostics -emit-dependencies -emit-module -emit-module-path /Users/rishabhbansal/Library/Developer/Xcode/DerivedData/CardGenie-abzejwvgxjnzqnfepqusjahtzsma/Build/Intermediates.noindex/CardGenie.build/Debug-iphoneos/CardGenie.build/Objects-normal/arm64/CardGenie.swiftmodule -validate-clang-modules-once -clang-build-session-file /Users/rishabhbansal/Library/Developer/Xcode/DerivedData/ModuleCache.noindex/Session.modulevalidation -Xcc -I/Users/rishabhbansal/Library/Developer/Xcode/DerivedData/CardGenie-abzejwvgxjnzqnfepqusjahtzsma/Build/Intermediates.noindex/CardGenie.build/Debug-iphoneos/CardGenie.build/swift-overrides.hmap -emit-const-values -Xfrontend -const-gather-protocols-file -Xfrontend /Users/rishabhbansal/Library/Developer/Xcode/DerivedData/CardGenie-abzejwvgxjnzqnfepqusjahtzsma/Build/Intermediates.noindex/CardGenie.build/Debug-iphoneos/CardGenie.build/Objects-normal/arm64/CardGenie_const_extract_protocols.json -Xcc -iquote -Xcc /Users/rishabhbansal/Library/Developer/Xcode/DerivedData/CardGenie-abzejwvgxjnzqnfepqusjahtzsma/Build/Intermediates.noindex/CardGenie.build/Debug-iphoneos/CardGenie.build/CardGenie-generated-files.hmap -Xcc -I/Users/rishabhbansal/Library/Developer/Xcode/DerivedData/CardGenie-abzejwvgxjnzqnfepqusjahtzsma/Build/Intermediates.noindex/CardGenie.build/Debug-iphoneos/CardGenie.build/CardGenie-own-target-headers.hmap -Xcc -I/Users/rishabhbansal/Library/Developer/Xcode/DerivedData/CardGenie-abzejwvgxjnzqnfepqusjahtzsma/Build/Intermediates.noindex/CardGenie.build/Debug-iphoneos/CardGenie.build/CardGenie-all-target-headers.hmap -Xcc -iquote -Xcc /Users/rishabhbansal/Library/Developer/Xcode/DerivedData/CardGenie-abzejwvgxjnzqnfepqusjahtzsma/Build/Intermediates.noindex/CardGenie.build/Debug-iphoneos/CardGenie.build/CardGenie-project-headers.hmap -Xcc -I/Users/rishabhbansal/Library/Developer/Xcode/DerivedData/CardGenie-abzejwvgxjnzqnfepqusjahtzsma/Build/Products/Debug-iphoneos/include -Xcc -I/Users/rishabhbansal/Library/Developer/Xcode/DerivedData/CardGenie-abzejwvgxjnzqnfepqusjahtzsma/Build/Intermediates.noindex/CardGenie.build/Debug-iphoneos/CardGenie.build/DerivedSources-normal/arm64 -Xcc -I/Users/rishabhbansal/Library/Developer/Xcode/DerivedData/CardGenie-abzejwvgxjnzqnfepqusjahtzsma/Build/Intermediates.noindex/CardGenie.build/Debug-iphoneos/CardGenie.build/DerivedSources/arm64 -Xcc -I/Users/rishabhbansal/Library/Developer/Xcode/DerivedData/CardGenie-abzejwvgxjnzqnfepqusjahtzsma/Build/Intermediates.noindex/CardGenie.build/Debug-iphoneos/CardGenie.build/DerivedSources -Xcc -DDEBUG\=1 -emit-objc-header -emit-objc-header-path /Users/rishabhbansal/Library/Developer/Xcode/DerivedData/CardGenie-abzejwvgxjnzqnfepqusjahtzsma/Build/Intermediates.noindex/CardGenie.build/Debug-iphoneos/CardGenie.build/Objects-normal/arm64/CardGenie-Swift.h -working-directory /Users/rishabhbansal/Documents/GitHub/CardGenie -experimental-emit-module-separately -disable-cmo

SwiftCompile normal arm64 Compiling\ CardGenieApp.swift,\ CacheManager.swift,\ EnhancedFeatureModels.swift,\ EnhancedModels.swift,\ FlashcardExporter.swift,\ FlashcardModels.swift /Users/rishabhbansal/Documents/GitHub/CardGenie/CardGenie/App/CardGenieApp.swift /Users/rishabhbansal/Documents/GitHub/CardGenie/CardGenie/Data/CacheManager.swift /Users/rishabhbansal/Documents/GitHub/CardGenie/CardGenie/Data/EnhancedFeatureModels.swift /Users/rishabhbansal/Documents/GitHub/CardGenie/CardGenie/Data/EnhancedModels.swift /Users/rishabhbansal/Documents/GitHub/CardGenie/CardGenie/Data/FlashcardExporter.swift /Users/rishabhbansal/Documents/GitHub/CardGenie/CardGenie/Data/FlashcardModels.swift (in target 'CardGenie' from project 'CardGenie')

SwiftCompile normal arm64 /Users/rishabhbansal/Documents/GitHub/CardGenie/CardGenie/App/CardGenieApp.swift (in target 'CardGenie' from project 'CardGenie')
    cd /Users/rishabhbansal/Documents/GitHub/CardGenie
    

SwiftCompile normal arm64 /Users/rishabhbansal/Documents/GitHub/CardGenie/CardGenie/Data/CacheManager.swift (in target 'CardGenie' from project 'CardGenie')
    cd /Users/rishabhbansal/Documents/GitHub/CardGenie
    

SwiftCompile normal arm64 /Users/rishabhbansal/Documents/GitHub/CardGenie/CardGenie/Data/EnhancedFeatureModels.swift (in target 'CardGenie' from project 'CardGenie')
    cd /Users/rishabhbansal/Documents/GitHub/CardGenie
    

SwiftCompile normal arm64 /Users/rishabhbansal/Documents/GitHub/CardGenie/CardGenie/Data/EnhancedModels.swift (in target 'CardGenie' from project 'CardGenie')
    cd /Users/rishabhbansal/Documents/GitHub/CardGenie
    

SwiftCompile normal arm64 /Users/rishabhbansal/Documents/GitHub/CardGenie/CardGenie/Data/FlashcardExporter.swift (in target 'CardGenie' from project 'CardGenie')
    cd /Users/rishabhbansal/Documents/GitHub/CardGenie
    

SwiftCompile normal arm64 /Users/rishabhbansal/Documents/GitHub/CardGenie/CardGenie/Data/FlashcardModels.swift (in target 'CardGenie' from project 'CardGenie')
    cd /Users/rishabhbansal/Documents/GitHub/CardGenie
    

SwiftCompile normal arm64 Compiling\ ContentDetailView.swift,\ ContentListView.swift,\ DocumentScannerView.swift,\ FlashcardListView.swift,\ FlashcardStudyView.swift /Users/rishabhbansal/Documents/GitHub/CardGenie/CardGenie/Features/ContentDetailView.swift /Users/rishabhbansal/Documents/GitHub/CardGenie/CardGenie/Features/ContentListView.swift /Users/rishabhbansal/Documents/GitHub/CardGenie/CardGenie/Features/DocumentScannerView.swift /Users/rishabhbansal/Documents/GitHub/CardGenie/CardGenie/Features/FlashcardListView.swift /Users/rishabhbansal/Documents/GitHub/CardGenie/CardGenie/Features/FlashcardStudyView.swift (in target 'CardGenie' from project 'CardGenie')
SwiftCompile normal arm64 /Users/rishabhbansal/Documents/GitHub/CardGenie/CardGenie/Features/ContentDetailView.swift (in target 'CardGenie' from project 'CardGenie')
    cd /Users/rishabhbansal/Documents/GitHub/CardGenie
    

SwiftCompile normal arm64 /Users/rishabhbansal/Documents/GitHub/CardGenie/CardGenie/Features/ContentListView.swift (in target 'CardGenie' from project 'CardGenie')
    cd /Users/rishabhbansal/Documents/GitHub/CardGenie
    

SwiftCompile normal arm64 /Users/rishabhbansal/Documents/GitHub/CardGenie/CardGenie/Features/DocumentScannerView.swift (in target 'CardGenie' from project 'CardGenie')
    cd /Users/rishabhbansal/Documents/GitHub/CardGenie
    

SwiftCompile normal arm64 /Users/rishabhbansal/Documents/GitHub/CardGenie/CardGenie/Features/FlashcardListView.swift (in target 'CardGenie' from project 'CardGenie')
    cd /Users/rishabhbansal/Documents/GitHub/CardGenie
    

SwiftCompile normal arm64 /Users/rishabhbansal/Documents/GitHub/CardGenie/CardGenie/Features/FlashcardStudyView.swift (in target 'CardGenie' from project 'CardGenie')
    cd /Users/rishabhbansal/Documents/GitHub/CardGenie
    

SwiftCompile normal arm64 Compiling\ TagFlowLayout.swift,\ Components.swift,\ MagicEffects.swift,\ Theme.swift,\ FlashcardEditorView.swift /Users/rishabhbansal/Documents/GitHub/CardGenie/CardGenie/Design/Components/TagFlowLayout.swift /Users/rishabhbansal/Documents/GitHub/CardGenie/CardGenie/Design/Components.swift /Users/rishabhbansal/Documents/GitHub/CardGenie/CardGenie/Design/MagicEffects.swift /Users/rishabhbansal/Documents/GitHub/CardGenie/CardGenie/Design/Theme.swift /Users/rishabhbansal/Documents/GitHub/CardGenie/CardGenie/Features/Flashcards/FlashcardEditorView.swift (in target 'CardGenie' from project 'CardGenie')
SwiftCompile normal arm64 /Users/rishabhbansal/Documents/GitHub/CardGenie/CardGenie/Design/Components/TagFlowLayout.swift (in target 'CardGenie' from project 'CardGenie')
    cd /Users/rishabhbansal/Documents/GitHub/CardGenie
    

SwiftCompile normal arm64 /Users/rishabhbansal/Documents/GitHub/CardGenie/CardGenie/Design/Components.swift (in target 'CardGenie' from project 'CardGenie')
    cd /Users/rishabhbansal/Documents/GitHub/CardGenie
    

SwiftCompile normal arm64 /Users/rishabhbansal/Documents/GitHub/CardGenie/CardGenie/Design/MagicEffects.swift (in target 'CardGenie' from project 'CardGenie')
    cd /Users/rishabhbansal/Documents/GitHub/CardGenie
    

SwiftCompile normal arm64 /Users/rishabhbansal/Documents/GitHub/CardGenie/CardGenie/Design/Theme.swift (in target 'CardGenie' from project 'CardGenie')
    cd /Users/rishabhbansal/Documents/GitHub/CardGenie
    

SwiftCompile normal arm64 /Users/rishabhbansal/Documents/GitHub/CardGenie/CardGenie/Features/Flashcards/FlashcardEditorView.swift (in target 'CardGenie' from project 'CardGenie')
    cd /Users/rishabhbansal/Documents/GitHub/CardGenie
    

SwiftCompile normal arm64 Compiling\ LiveLectureContext.swift,\ AIAvailabilityViews.swift,\ ARMemoryPalaceManager.swift,\ ARMemoryPalaceView.swift,\ ConceptMapView.swift /Users/rishabhbansal/Documents/GitHub/CardGenie/CardGenie/Features/Record/LiveLectureContext.swift /Users/rishabhbansal/Documents/GitHub/CardGenie/CardGenie/Features/AIAvailabilityViews.swift /Users/rishabhbansal/Documents/GitHub/CardGenie/CardGenie/Features/ARMemoryPalaceManager.swift /Users/rishabhbansal/Documents/GitHub/CardGenie/CardGenie/Features/ARMemoryPalaceView.swift /Users/rishabhbansal/Documents/GitHub/CardGenie/CardGenie/Features/ConceptMapView.swift (in target 'CardGenie' from project 'CardGenie')
SwiftCompile normal arm64 /Users/rishabhbansal/Documents/GitHub/CardGenie/CardGenie/Features/Record/LiveLectureContext.swift (in target 'CardGenie' from project 'CardGenie')
    cd /Users/rishabhbansal/Documents/GitHub/CardGenie
    

SwiftCompile normal arm64 /Users/rishabhbansal/Documents/GitHub/CardGenie/CardGenie/Features/AIAvailabilityViews.swift (in target 'CardGenie' from project 'CardGenie')
    cd /Users/rishabhbansal/Documents/GitHub/CardGenie
    

SwiftCompile normal arm64 /Users/rishabhbansal/Documents/GitHub/CardGenie/CardGenie/Features/ARMemoryPalaceManager.swift (in target 'CardGenie' from project 'CardGenie')
    cd /Users/rishabhbansal/Documents/GitHub/CardGenie
    

SwiftCompile normal arm64 /Users/rishabhbansal/Documents/GitHub/CardGenie/CardGenie/Features/ARMemoryPalaceView.swift (in target 'CardGenie' from project 'CardGenie')
    cd /Users/rishabhbansal/Documents/GitHub/CardGenie
    

SwiftCompile normal arm64 /Users/rishabhbansal/Documents/GitHub/CardGenie/CardGenie/Features/ConceptMapView.swift (in target 'CardGenie' from project 'CardGenie')
    cd /Users/rishabhbansal/Documents/GitHub/CardGenie
    

SwiftCompile normal arm64 Compiling\ FlashcardStatisticsView.swift,\ SessionBuilderView.swift,\ StudyResultsView.swift,\ LectureCollaborationController.swift,\ LiveHighlightActivityManager.swift /Users/rishabhbansal/Documents/GitHub/CardGenie/CardGenie/Features/Flashcards/FlashcardStatisticsView.swift /Users/rishabhbansal/Documents/GitHub/CardGenie/CardGenie/Features/Flashcards/SessionBuilderView.swift /Users/rishabhbansal/Documents/GitHub/CardGenie/CardGenie/Features/Flashcards/StudyResultsView.swift /Users/rishabhbansal/Documents/GitHub/CardGenie/CardGenie/Features/Record/LectureCollaborationController.swift /Users/rishabhbansal/Documents/GitHub/CardGenie/CardGenie/Features/Record/LiveHighlightActivityManager.swift (in target 'CardGenie' from project 'CardGenie')

SwiftCompile normal arm64 /Users/rishabhbansal/Documents/GitHub/CardGenie/CardGenie/Features/Flashcards/FlashcardStatisticsView.swift (in target 'CardGenie' from project 'CardGenie')
    cd /Users/rishabhbansal/Documents/GitHub/CardGenie
    

SwiftCompile normal arm64 /Users/rishabhbansal/Documents/GitHub/CardGenie/CardGenie/Features/Flashcards/SessionBuilderView.swift (in target 'CardGenie' from project 'CardGenie')
    cd /Users/rishabhbansal/Documents/GitHub/CardGenie
    

SwiftCompile normal arm64 /Users/rishabhbansal/Documents/GitHub/CardGenie/CardGenie/Features/Flashcards/StudyResultsView.swift (in target 'CardGenie' from project 'CardGenie')
    cd /Users/rishabhbansal/Documents/GitHub/CardGenie
    

SwiftCompile normal arm64 /Users/rishabhbansal/Documents/GitHub/CardGenie/CardGenie/Features/Record/LectureCollaborationController.swift (in target 'CardGenie' from project 'CardGenie')
    cd /Users/rishabhbansal/Documents/GitHub/CardGenie
    

SwiftCompile normal arm64 /Users/rishabhbansal/Documents/GitHub/CardGenie/CardGenie/Features/Record/LiveHighlightActivityManager.swift (in target 'CardGenie' from project 'CardGenie')
    cd /Users/rishabhbansal/Documents/GitHub/CardGenie
    

SwiftCompile normal arm64 Compiling\ StudyPlanView.swift,\ VoiceAssistantView.swift,\ VoiceRecordView.swift,\ AIEngine.swift,\ AISafety.swift /Users/rishabhbansal/Documents/GitHub/CardGenie/CardGenie/Features/StudyPlanView.swift /Users/rishabhbansal/Documents/GitHub/CardGenie/CardGenie/Features/VoiceAssistantView.swift /Users/rishabhbansal/Documents/GitHub/CardGenie/CardGenie/Features/VoiceRecordView.swift /Users/rishabhbansal/Documents/GitHub/CardGenie/CardGenie/Intelligence/AIEngine.swift /Users/rishabhbansal/Documents/GitHub/CardGenie/CardGenie/Intelligence/AISafety.swift (in target 'CardGenie' from project 'CardGenie')

SwiftCompile normal arm64 /Users/rishabhbansal/Documents/GitHub/CardGenie/CardGenie/Features/StudyPlanView.swift (in target 'CardGenie' from project 'CardGenie')
    cd /Users/rishabhbansal/Documents/GitHub/CardGenie
    

SwiftCompile normal arm64 /Users/rishabhbansal/Documents/GitHub/CardGenie/CardGenie/Features/VoiceAssistantView.swift (in target 'CardGenie' from project 'CardGenie')
    cd /Users/rishabhbansal/Documents/GitHub/CardGenie
    

SwiftCompile normal arm64 /Users/rishabhbansal/Documents/GitHub/CardGenie/CardGenie/Features/VoiceRecordView.swift (in target 'CardGenie' from project 'CardGenie')
    cd /Users/rishabhbansal/Documents/GitHub/CardGenie
    

SwiftCompile normal arm64 /Users/rishabhbansal/Documents/GitHub/CardGenie/CardGenie/Intelligence/AIEngine.swift (in target 'CardGenie' from project 'CardGenie')
    cd /Users/rishabhbansal/Documents/GitHub/CardGenie
    

SwiftCompile normal arm64 /Users/rishabhbansal/Documents/GitHub/CardGenie/CardGenie/Intelligence/AISafety.swift (in target 'CardGenie' from project 'CardGenie')
    cd /Users/rishabhbansal/Documents/GitHub/CardGenie
    

SwiftCompile normal arm64 Compiling\ Models.swift,\ SpacedRepetitionManager.swift,\ Store.swift,\ StudyStreakManager.swift,\ VectorStore.swift,\ GlassSearchBar.swift /Users/rishabhbansal/Documents/GitHub/CardGenie/CardGenie/Data/Models.swift /Users/rishabhbansal/Documents/GitHub/CardGenie/CardGenie/Data/SpacedRepetitionManager.swift /Users/rishabhbansal/Documents/GitHub/CardGenie/CardGenie/Data/Store.swift /Users/rishabhbansal/Documents/GitHub/CardGenie/CardGenie/Data/StudyStreakManager.swift /Users/rishabhbansal/Documents/GitHub/CardGenie/CardGenie/Data/VectorStore.swift /Users/rishabhbansal/Documents/GitHub/CardGenie/CardGenie/Design/Components/GlassSearchBar.swift (in target 'CardGenie' from project 'CardGenie')

SwiftCompile normal arm64 /Users/rishabhbansal/Documents/GitHub/CardGenie/CardGenie/Data/Models.swift (in target 'CardGenie' from project 'CardGenie')
    cd /Users/rishabhbansal/Documents/GitHub/CardGenie
    

SwiftCompile normal arm64 /Users/rishabhbansal/Documents/GitHub/CardGenie/CardGenie/Data/SpacedRepetitionManager.swift (in target 'CardGenie' from project 'CardGenie')
    cd /Users/rishabhbansal/Documents/GitHub/CardGenie
    

SwiftCompile normal arm64 /Users/rishabhbansal/Documents/GitHub/CardGenie/CardGenie/Data/Store.swift (in target 'CardGenie' from project 'CardGenie')
    cd /Users/rishabhbansal/Documents/GitHub/CardGenie
    

SwiftCompile normal arm64 /Users/rishabhbansal/Documents/GitHub/CardGenie/CardGenie/Data/StudyStreakManager.swift (in target 'CardGenie' from project 'CardGenie')
    cd /Users/rishabhbansal/Documents/GitHub/CardGenie
    

SwiftCompile normal arm64 /Users/rishabhbansal/Documents/GitHub/CardGenie/CardGenie/Data/VectorStore.swift (in target 'CardGenie' from project 'CardGenie')
    cd /Users/rishabhbansal/Documents/GitHub/CardGenie
    

SwiftCompile normal arm64 /Users/rishabhbansal/Documents/GitHub/CardGenie/CardGenie/Design/Components/GlassSearchBar.swift (in target 'CardGenie' from project 'CardGenie')
    cd /Users/rishabhbansal/Documents/GitHub/CardGenie
    

SwiftCompile normal arm64 Compiling\ HandwritingEditorView.swift,\ PhotoScanView.swift,\ ScanReviewView.swift,\ SettingsView.swift,\ StatisticsView.swift /Users/rishabhbansal/Documents/GitHub/CardGenie/CardGenie/Features/HandwritingEditorView.swift /Users/rishabhbansal/Documents/GitHub/CardGenie/CardGenie/Features/PhotoScanView.swift /Users/rishabhbansal/Documents/GitHub/CardGenie/CardGenie/Features/ScanReviewView.swift /Users/rishabhbansal/Documents/GitHub/CardGenie/CardGenie/Features/SettingsView.swift /Users/rishabhbansal/Documents/GitHub/CardGenie/CardGenie/Features/StatisticsView.swift (in target 'CardGenie' from project 'CardGenie')

SwiftCompile normal arm64 /Users/rishabhbansal/Documents/GitHub/CardGenie/CardGenie/Features/HandwritingEditorView.swift (in target 'CardGenie' from project 'CardGenie')
    cd /Users/rishabhbansal/Documents/GitHub/CardGenie
    

SwiftCompile normal arm64 /Users/rishabhbansal/Documents/GitHub/CardGenie/CardGenie/Features/PhotoScanView.swift (in target 'CardGenie' from project 'CardGenie')
    cd /Users/rishabhbansal/Documents/GitHub/CardGenie
    

SwiftCompile normal arm64 /Users/rishabhbansal/Documents/GitHub/CardGenie/CardGenie/Features/ScanReviewView.swift (in target 'CardGenie' from project 'CardGenie')
    cd /Users/rishabhbansal/Documents/GitHub/CardGenie
    

SwiftCompile normal arm64 /Users/rishabhbansal/Documents/GitHub/CardGenie/CardGenie/Features/SettingsView.swift (in target 'CardGenie' from project 'CardGenie')
    cd /Users/rishabhbansal/Documents/GitHub/CardGenie
    

SwiftCompile normal arm64 /Users/rishabhbansal/Documents/GitHub/CardGenie/CardGenie/Features/StatisticsView.swift (in target 'CardGenie' from project 'CardGenie')
    cd /Users/rishabhbansal/Documents/GitHub/CardGenie
    

SwiftCompile normal arm64 Compiling\ FMClient.swift,\ ImagePreprocessor.swift,\ NotificationManager.swift,\ QuizBuilder.swift,\ ScanAnalytics.swift /Users/rishabhbansal/Documents/GitHub/CardGenie/CardGenie/Intelligence/FMClient.swift /Users/rishabhbansal/Documents/GitHub/CardGenie/CardGenie/Intelligence/ImagePreprocessor.swift /Users/rishabhbansal/Documents/GitHub/CardGenie/CardGenie/Intelligence/NotificationManager.swift /Users/rishabhbansal/Documents/GitHub/CardGenie/CardGenie/Intelligence/QuizBuilder.swift /Users/rishabhbansal/Documents/GitHub/CardGenie/CardGenie/Intelligence/ScanAnalytics.swift (in target 'CardGenie' from project 'CardGenie')

SwiftCompile normal arm64 /Users/rishabhbansal/Documents/GitHub/CardGenie/CardGenie/Intelligence/FMClient.swift (in target 'CardGenie' from project 'CardGenie')
    cd /Users/rishabhbansal/Documents/GitHub/CardGenie
    

SwiftCompile normal arm64 /Users/rishabhbansal/Documents/GitHub/CardGenie/CardGenie/Intelligence/ImagePreprocessor.swift (in target 'CardGenie' from project 'CardGenie')
    cd /Users/rishabhbansal/Documents/GitHub/CardGenie
    

SwiftCompile normal arm64 /Users/rishabhbansal/Documents/GitHub/CardGenie/CardGenie/Intelligence/NotificationManager.swift (in target 'CardGenie' from project 'CardGenie')
    cd /Users/rishabhbansal/Documents/GitHub/CardGenie
    

SwiftCompile normal arm64 /Users/rishabhbansal/Documents/GitHub/CardGenie/CardGenie/Intelligence/QuizBuilder.swift (in target 'CardGenie' from project 'CardGenie')
    cd /Users/rishabhbansal/Documents/GitHub/CardGenie
    

SwiftCompile normal arm64 /Users/rishabhbansal/Documents/GitHub/CardGenie/CardGenie/Intelligence/ScanAnalytics.swift (in target 'CardGenie' from project 'CardGenie')
    cd /Users/rishabhbansal/Documents/GitHub/CardGenie
    

SwiftCompile normal arm64 Compiling\ AITools.swift,\ AutoCategorizer.swift,\ EnhancedSessionManager.swift,\ FlashcardFM.swift,\ FlashcardGenerationModels.swift /Users/rishabhbansal/Documents/GitHub/CardGenie/CardGenie/Intelligence/AITools.swift /Users/rishabhbansal/Documents/GitHub/CardGenie/CardGenie/Intelligence/AutoCategorizer.swift /Users/rishabhbansal/Documents/GitHub/CardGenie/CardGenie/Intelligence/EnhancedSessionManager.swift /Users/rishabhbansal/Documents/GitHub/CardGenie/CardGenie/Intelligence/FlashcardFM.swift /Users/rishabhbansal/Documents/GitHub/CardGenie/CardGenie/Intelligence/FlashcardGenerationModels.swift (in target 'CardGenie' from project 'CardGenie')

SwiftCompile normal arm64 /Users/rishabhbansal/Documents/GitHub/CardGenie/CardGenie/Intelligence/AITools.swift (in target 'CardGenie' from project 'CardGenie')
    cd /Users/rishabhbansal/Documents/GitHub/CardGenie
    

SwiftCompile normal arm64 /Users/rishabhbansal/Documents/GitHub/CardGenie/CardGenie/Intelligence/AutoCategorizer.swift (in target 'CardGenie' from project 'CardGenie')
    cd /Users/rishabhbansal/Documents/GitHub/CardGenie
    

SwiftCompile normal arm64 /Users/rishabhbansal/Documents/GitHub/CardGenie/CardGenie/Intelligence/EnhancedSessionManager.swift (in target 'CardGenie' from project 'CardGenie')
    cd /Users/rishabhbansal/Documents/GitHub/CardGenie
    

SwiftCompile normal arm64 /Users/rishabhbansal/Documents/GitHub/CardGenie/CardGenie/Intelligence/FlashcardFM.swift (in target 'CardGenie' from project 'CardGenie')
    cd /Users/rishabhbansal/Documents/GitHub/CardGenie
    

SwiftCompile normal arm64 /Users/rishabhbansal/Documents/GitHub/CardGenie/CardGenie/Intelligence/FlashcardGenerationModels.swift (in target 'CardGenie' from project 'CardGenie')
    cd /Users/rishabhbansal/Documents/GitHub/CardGenie
    

SwiftCompile normal arm64 Compiling\ ScanQueue.swift,\ SpeechToTextConverter.swift,\ StudyPlanGenerator.swift,\ VisionTextExtractor.swift,\ WritingTextEditor.swift /Users/rishabhbansal/Documents/GitHub/CardGenie/CardGenie/Intelligence/ScanQueue.swift /Users/rishabhbansal/Documents/GitHub/CardGenie/CardGenie/Intelligence/SpeechToTextConverter.swift /Users/rishabhbansal/Documents/GitHub/CardGenie/CardGenie/Intelligence/StudyPlanGenerator.swift /Users/rishabhbansal/Documents/GitHub/CardGenie/CardGenie/Intelligence/VisionTextExtractor.swift /Users/rishabhbansal/Documents/GitHub/CardGenie/CardGenie/Intelligence/WritingTextEditor.swift (in target 'CardGenie' from project 'CardGenie')

SwiftCompile normal arm64 /Users/rishabhbansal/Documents/GitHub/CardGenie/CardGenie/Intelligence/ScanQueue.swift (in target 'CardGenie' from project 'CardGenie')
    cd /Users/rishabhbansal/Documents/GitHub/CardGenie
    

SwiftCompile normal arm64 /Users/rishabhbansal/Documents/GitHub/CardGenie/CardGenie/Intelligence/SpeechToTextConverter.swift (in target 'CardGenie' from project 'CardGenie')
    cd /Users/rishabhbansal/Documents/GitHub/CardGenie
    

SwiftCompile normal arm64 /Users/rishabhbansal/Documents/GitHub/CardGenie/CardGenie/Intelligence/StudyPlanGenerator.swift (in target 'CardGenie' from project 'CardGenie')
    cd /Users/rishabhbansal/Documents/GitHub/CardGenie
    

SwiftCompile normal arm64 /Users/rishabhbansal/Documents/GitHub/CardGenie/CardGenie/Intelligence/VisionTextExtractor.swift (in target 'CardGenie' from project 'CardGenie')
    cd /Users/rishabhbansal/Documents/GitHub/CardGenie
    

SwiftCompile normal arm64 /Users/rishabhbansal/Documents/GitHub/CardGenie/CardGenie/Intelligence/WritingTextEditor.swift (in target 'CardGenie' from project 'CardGenie')
    cd /Users/rishabhbansal/Documents/GitHub/CardGenie
    

SwiftEmitModule normal arm64 Emitting\ module\ for\ CardGenie (in target 'CardGenie' from project 'CardGenie')

EmitSwiftModule normal arm64 (in target 'CardGenie' from project 'CardGenie')
    cd /Users/rishabhbansal/Documents/GitHub/CardGenie
    

SwiftCompile normal arm64 Compiling\ ConceptMapGenerator.swift,\ CSVImporter.swift,\ FlashcardGenerator.swift,\ HandwritingProcessor.swift,\ HighlightCardBuilder.swift /Users/rishabhbansal/Documents/GitHub/CardGenie/CardGenie/Processors/ConceptMapGenerator.swift /Users/rishabhbansal/Documents/GitHub/CardGenie/CardGenie/Processors/CSVImporter.swift /Users/rishabhbansal/Documents/GitHub/CardGenie/CardGenie/Processors/FlashcardGenerator.swift /Users/rishabhbansal/Documents/GitHub/CardGenie/CardGenie/Processors/HandwritingProcessor.swift /Users/rishabhbansal/Documents/GitHub/CardGenie/CardGenie/Processors/HighlightCardBuilder.swift (in target 'CardGenie' from project 'CardGenie')

SwiftCompile normal arm64 /Users/rishabhbansal/Documents/GitHub/CardGenie/CardGenie/Processors/ConceptMapGenerator.swift (in target 'CardGenie' from project 'CardGenie')
    cd /Users/rishabhbansal/Documents/GitHub/CardGenie
    

SwiftCompile normal arm64 /Users/rishabhbansal/Documents/GitHub/CardGenie/CardGenie/Processors/CSVImporter.swift (in target 'CardGenie' from project 'CardGenie')
    cd /Users/rishabhbansal/Documents/GitHub/CardGenie
    

SwiftCompile normal arm64 /Users/rishabhbansal/Documents/GitHub/CardGenie/CardGenie/Processors/FlashcardGenerator.swift (in target 'CardGenie' from project 'CardGenie')
    cd /Users/rishabhbansal/Documents/GitHub/CardGenie
    

SwiftCompile normal arm64 /Users/rishabhbansal/Documents/GitHub/CardGenie/CardGenie/Processors/HandwritingProcessor.swift (in target 'CardGenie' from project 'CardGenie')
    cd /Users/rishabhbansal/Documents/GitHub/CardGenie
    

SwiftCompile normal arm64 /Users/rishabhbansal/Documents/GitHub/CardGenie/CardGenie/Processors/HighlightCardBuilder.swift (in target 'CardGenie' from project 'CardGenie')
    cd /Users/rishabhbansal/Documents/GitHub/CardGenie
    

SwiftCompile normal arm64 Compiling\ PDFProcessor.swift,\ SmartScheduler.swift,\ VideoProcessor.swift,\ VoiceTutor.swift,\ GeneratedAssetSymbols.swift /Users/rishabhbansal/Documents/GitHub/CardGenie/CardGenie/Processors/PDFProcessor.swift /Users/rishabhbansal/Documents/GitHub/CardGenie/CardGenie/Processors/SmartScheduler.swift /Users/rishabhbansal/Documents/GitHub/CardGenie/CardGenie/Processors/VideoProcessor.swift /Users/rishabhbansal/Documents/GitHub/CardGenie/CardGenie/Processors/VoiceTutor.swift /Users/rishabhbansal/Library/Developer/Xcode/DerivedData/CardGenie-abzejwvgxjnzqnfepqusjahtzsma/Build/Intermediates.noindex/CardGenie.build/Debug-iphoneos/CardGenie.build/DerivedSources/GeneratedAssetSymbols.swift (in target 'CardGenie' from project 'CardGenie')

SwiftCompile normal arm64 /Users/rishabhbansal/Documents/GitHub/CardGenie/CardGenie/Processors/PDFProcessor.swift (in target 'CardGenie' from project 'CardGenie')
    cd /Users/rishabhbansal/Documents/GitHub/CardGenie
    

SwiftCompile normal arm64 /Users/rishabhbansal/Documents/GitHub/CardGenie/CardGenie/Processors/SmartScheduler.swift (in target 'CardGenie' from project 'CardGenie')
    cd /Users/rishabhbansal/Documents/GitHub/CardGenie
    

SwiftCompile normal arm64 /Users/rishabhbansal/Documents/GitHub/CardGenie/CardGenie/Processors/VideoProcessor.swift (in target 'CardGenie' from project 'CardGenie')
    cd /Users/rishabhbansal/Documents/GitHub/CardGenie
    

SwiftCompile normal arm64 /Users/rishabhbansal/Documents/GitHub/CardGenie/CardGenie/Processors/VoiceTutor.swift (in target 'CardGenie' from project 'CardGenie')
    cd /Users/rishabhbansal/Documents/GitHub/CardGenie
    

SwiftCompile normal arm64 /Users/rishabhbansal/Library/Developer/Xcode/DerivedData/CardGenie-abzejwvgxjnzqnfepqusjahtzsma/Build/Intermediates.noindex/CardGenie.build/Debug-iphoneos/CardGenie.build/DerivedSources/GeneratedAssetSymbols.swift (in target 'CardGenie' from project 'CardGenie')
    cd /Users/rishabhbansal/Documents/GitHub/CardGenie
    

SwiftCompile normal arm64 Compiling\ HighlightExtractor.swift,\ ImageProcessor.swift,\ LectureRecorder.swift,\ MathSolver.swift,\ OnDeviceTranscriber.swift /Users/rishabhbansal/Documents/GitHub/CardGenie/CardGenie/Processors/HighlightExtractor.swift /Users/rishabhbansal/Documents/GitHub/CardGenie/CardGenie/Processors/ImageProcessor.swift /Users/rishabhbansal/Documents/GitHub/CardGenie/CardGenie/Processors/LectureRecorder.swift /Users/rishabhbansal/Documents/GitHub/CardGenie/CardGenie/Processors/MathSolver.swift /Users/rishabhbansal/Documents/GitHub/CardGenie/CardGenie/Processors/OnDeviceTranscriber.swift (in target 'CardGenie' from project 'CardGenie')

SwiftCompile normal arm64 /Users/rishabhbansal/Documents/GitHub/CardGenie/CardGenie/Processors/HighlightExtractor.swift (in target 'CardGenie' from project 'CardGenie')
    cd /Users/rishabhbansal/Documents/GitHub/CardGenie
    

SwiftCompile normal arm64 /Users/rishabhbansal/Documents/GitHub/CardGenie/CardGenie/Processors/ImageProcessor.swift (in target 'CardGenie' from project 'CardGenie')
    cd /Users/rishabhbansal/Documents/GitHub/CardGenie
    

SwiftCompile normal arm64 /Users/rishabhbansal/Documents/GitHub/CardGenie/CardGenie/Processors/LectureRecorder.swift (in target 'CardGenie' from project 'CardGenie')
    cd /Users/rishabhbansal/Documents/GitHub/CardGenie
    

SwiftCompile normal arm64 /Users/rishabhbansal/Documents/GitHub/CardGenie/CardGenie/Processors/MathSolver.swift (in target 'CardGenie' from project 'CardGenie')
    cd /Users/rishabhbansal/Documents/GitHub/CardGenie
    

SwiftCompile normal arm64 /Users/rishabhbansal/Documents/GitHub/CardGenie/CardGenie/Processors/OnDeviceTranscriber.swift (in target 'CardGenie' from project 'CardGenie')
    cd /Users/rishabhbansal/Documents/GitHub/CardGenie
    

SwiftDriverJobDiscovery normal arm64 Compiling ConceptMapGenerator.swift, CSVImporter.swift, FlashcardGenerator.swift, HandwritingProcessor.swift, HighlightCardBuilder.swift (in target 'CardGenie' from project 'CardGenie')

SwiftDriverJobDiscovery normal arm64 Compiling PDFProcessor.swift, SmartScheduler.swift, VideoProcessor.swift, VoiceTutor.swift, GeneratedAssetSymbols.swift (in target 'CardGenie' from project 'CardGenie')

SwiftDriverJobDiscovery normal arm64 Compiling Models.swift, SpacedRepetitionManager.swift, Store.swift, StudyStreakManager.swift, VectorStore.swift, GlassSearchBar.swift (in target 'CardGenie' from project 'CardGenie')

SwiftDriverJobDiscovery normal arm64 Compiling FMClient.swift, ImagePreprocessor.swift, NotificationManager.swift, QuizBuilder.swift, ScanAnalytics.swift (in target 'CardGenie' from project 'CardGenie')

SwiftDriverJobDiscovery normal arm64 Compiling AITools.swift, AutoCategorizer.swift, EnhancedSessionManager.swift, FlashcardFM.swift, FlashcardGenerationModels.swift (in target 'CardGenie' from project 'CardGenie')

SwiftDriverJobDiscovery normal arm64 Compiling ScanQueue.swift, SpeechToTextConverter.swift, StudyPlanGenerator.swift, VisionTextExtractor.swift, WritingTextEditor.swift (in target 'CardGenie' from project 'CardGenie')

SwiftDriverJobDiscovery normal arm64 Compiling HighlightExtractor.swift, ImageProcessor.swift, LectureRecorder.swift, MathSolver.swift, OnDeviceTranscriber.swift (in target 'CardGenie' from project 'CardGenie')

SwiftDriverJobDiscovery normal arm64 Compiling FlashcardStatisticsView.swift, SessionBuilderView.swift, StudyResultsView.swift, LectureCollaborationController.swift, LiveHighlightActivityManager.swift (in target 'CardGenie' from project 'CardGenie')

SwiftDriverJobDiscovery normal arm64 Emitting module for CardGenie (in target 'CardGenie' from project 'CardGenie')

SwiftDriver\ Compilation\ Requirements CardGenie normal arm64 com.apple.xcode.tools.swift.compiler (in target 'CardGenie' from project 'CardGenie')
    cd /Users/rishabhbansal/Documents/GitHub/CardGenie
    builtin-Swift-Compilation-Requirements -- /Applications/Xcode.app/Contents/Developer/Toolchains/XcodeDefault.xctoolchain/usr/bin/swiftc -module-name CardGenie -Onone -enforce-exclusivity\=checked @/Users/rishabhbansal/Library/Developer/Xcode/DerivedData/CardGenie-abzejwvgxjnzqnfepqusjahtzsma/Build/Intermediates.noindex/CardGenie.build/Debug-iphoneos/CardGenie.build/Objects-normal/arm64/CardGenie.SwiftFileList -DDEBUG -default-isolation\=MainActor -enable-bare-slash-regex -enable-upcoming-feature DisableOutwardActorInference -enable-upcoming-feature InferSendableFromCaptures -enable-upcoming-feature GlobalActorIsolatedTypesUsability -enable-upcoming-feature MemberImportVisibility -enable-upcoming-feature InferIsolatedConformances -enable-upcoming-feature NonisolatedNonsendingByDefault -enable-experimental-feature DebugDescriptionMacro -sdk /Applications/Xcode.app/Contents/Developer/Platforms/iPhoneOS.platform/Developer/SDKs/iPhoneOS26.0.sdk -target arm64-apple-ios26.0 -g -module-cache-path /Users/rishabhbansal/Library/Developer/Xcode/DerivedData/ModuleCache.noindex -Xfrontend -serialize-debugging-options -profile-coverage-mapping -profile-generate -enable-testing -index-store-path /Users/rishabhbansal/Library/Developer/Xcode/DerivedData/CardGenie-abzejwvgxjnzqnfepqusjahtzsma/Index.noindex/DataStore -Xcc -D_LIBCPP_HARDENING_MODE\=_LIBCPP_HARDENING_MODE_DEBUG -swift-version 5 -I /Users/rishabhbansal/Library/Developer/Xcode/DerivedData/CardGenie-abzejwvgxjnzqnfepqusjahtzsma/Build/Products/Debug-iphoneos -F /Users/rishabhbansal/Library/Developer/Xcode/DerivedData/CardGenie-abzejwvgxjnzqnfepqusjahtzsma/Build/Products/Debug-iphoneos -c -j14 -enable-batch-mode -incremental -Xcc -ivfsstatcache -Xcc /Users/rishabhbansal/Library/Developer/Xcode/DerivedData/SDKStatCaches.noindex/iphoneos26.0-23A339-3885c01c3e6b6a337905948deab2002e81ce72e5b06c9602b9d30b56f2eed08a.sdkstatcache -output-file-map /Users/rishabhbansal/Library/Developer/Xcode/DerivedData/CardGenie-abzejwvgxjnzqnfepqusjahtzsma/Build/Intermediates.noindex/CardGenie.build/Debug-iphoneos/CardGenie.build/Objects-normal/arm64/CardGenie-OutputFileMap.json -use-frontend-parseable-output -save-temps -no-color-diagnostics -explicit-module-build -module-cache-path /Users/rishabhbansal/Library/Developer/Xcode/DerivedData/CardGenie-abzejwvgxjnzqnfepqusjahtzsma/Build/Intermediates.noindex/SwiftExplicitPrecompiledModules -clang-scanner-module-cache-path /Users/rishabhbansal/Library/Developer/Xcode/DerivedData/ModuleCache.noindex -sdk-module-cache-path /Users/rishabhbansal/Library/Developer/Xcode/DerivedData/ModuleCache.noindex -serialize-diagnostics -emit-dependencies -emit-module -emit-module-path /Users/rishabhbansal/Library/Developer/Xcode/DerivedData/CardGenie-abzejwvgxjnzqnfepqusjahtzsma/Build/Intermediates.noindex/CardGenie.build/Debug-iphoneos/CardGenie.build/Objects-normal/arm64/CardGenie.swiftmodule -validate-clang-modules-once -clang-build-session-file /Users/rishabhbansal/Library/Developer/Xcode/DerivedData/ModuleCache.noindex/Session.modulevalidation -Xcc -I/Users/rishabhbansal/Library/Developer/Xcode/DerivedData/CardGenie-abzejwvgxjnzqnfepqusjahtzsma/Build/Intermediates.noindex/CardGenie.build/Debug-iphoneos/CardGenie.build/swift-overrides.hmap -emit-const-values -Xfrontend -const-gather-protocols-file -Xfrontend /Users/rishabhbansal/Library/Developer/Xcode/DerivedData/CardGenie-abzejwvgxjnzqnfepqusjahtzsma/Build/Intermediates.noindex/CardGenie.build/Debug-iphoneos/CardGenie.build/Objects-normal/arm64/CardGenie_const_extract_protocols.json -Xcc -iquote -Xcc /Users/rishabhbansal/Library/Developer/Xcode/DerivedData/CardGenie-abzejwvgxjnzqnfepqusjahtzsma/Build/Intermediates.noindex/CardGenie.build/Debug-iphoneos/CardGenie.build/CardGenie-generated-files.hmap -Xcc -I/Users/rishabhbansal/Library/Developer/Xcode/DerivedData/CardGenie-abzejwvgxjnzqnfepqusjahtzsma/Build/Intermediates.noindex/CardGenie.build/Debug-iphoneos/CardGenie.build/CardGenie-own-target-headers.hmap -Xcc -I/Users/rishabhbansal/Library/Developer/Xcode/DerivedData/CardGenie-abzejwvgxjnzqnfepqusjahtzsma/Build/Intermediates.noindex/CardGenie.build/Debug-iphoneos/CardGenie.build/CardGenie-all-target-headers.hmap -Xcc -iquote -Xcc /Users/rishabhbansal/Library/Developer/Xcode/DerivedData/CardGenie-abzejwvgxjnzqnfepqusjahtzsma/Build/Intermediates.noindex/CardGenie.build/Debug-iphoneos/CardGenie.build/CardGenie-project-headers.hmap -Xcc -I/Users/rishabhbansal/Library/Developer/Xcode/DerivedData/CardGenie-abzejwvgxjnzqnfepqusjahtzsma/Build/Products/Debug-iphoneos/include -Xcc -I/Users/rishabhbansal/Library/Developer/Xcode/DerivedData/CardGenie-abzejwvgxjnzqnfepqusjahtzsma/Build/Intermediates.noindex/CardGenie.build/Debug-iphoneos/CardGenie.build/DerivedSources-normal/arm64 -Xcc -I/Users/rishabhbansal/Library/Developer/Xcode/DerivedData/CardGenie-abzejwvgxjnzqnfepqusjahtzsma/Build/Intermediates.noindex/CardGenie.build/Debug-iphoneos/CardGenie.build/DerivedSources/arm64 -Xcc -I/Users/rishabhbansal/Library/Developer/Xcode/DerivedData/CardGenie-abzejwvgxjnzqnfepqusjahtzsma/Build/Intermediates.noindex/CardGenie.build/Debug-iphoneos/CardGenie.build/DerivedSources -Xcc -DDEBUG\=1 -emit-objc-header -emit-objc-header-path /Users/rishabhbansal/Library/Developer/Xcode/DerivedData/CardGenie-abzejwvgxjnzqnfepqusjahtzsma/Build/Intermediates.noindex/CardGenie.build/Debug-iphoneos/CardGenie.build/Objects-normal/arm64/CardGenie-Swift.h -working-directory /Users/rishabhbansal/Documents/GitHub/CardGenie -experimental-emit-module-separately -disable-cmo

SwiftMergeGeneratedHeaders /Users/rishabhbansal/Library/Developer/Xcode/DerivedData/CardGenie-abzejwvgxjnzqnfepqusjahtzsma/Build/Intermediates.noindex/CardGenie.build/Debug-iphoneos/CardGenie.build/DerivedSources/CardGenie-Swift.h /Users/rishabhbansal/Library/Developer/Xcode/DerivedData/CardGenie-abzejwvgxjnzqnfepqusjahtzsma/Build/Intermediates.noindex/CardGenie.build/Debug-iphoneos/CardGenie.build/Objects-normal/arm64/CardGenie-Swift.h (in target 'CardGenie' from project 'CardGenie')
    cd /Users/rishabhbansal/Documents/GitHub/CardGenie
    builtin-swiftHeaderTool -arch arm64 /Users/rishabhbansal/Library/Developer/Xcode/DerivedData/CardGenie-abzejwvgxjnzqnfepqusjahtzsma/Build/Intermediates.noindex/CardGenie.build/Debug-iphoneos/CardGenie.build/Objects-normal/arm64/CardGenie-Swift.h -o /Users/rishabhbansal/Library/Developer/Xcode/DerivedData/CardGenie-abzejwvgxjnzqnfepqusjahtzsma/Build/Intermediates.noindex/CardGenie.build/Debug-iphoneos/CardGenie.build/DerivedSources/CardGenie-Swift.h

Copy /Users/rishabhbansal/Library/Developer/Xcode/DerivedData/CardGenie-abzejwvgxjnzqnfepqusjahtzsma/Build/Products/Debug-iphoneos/CardGenie.swiftmodule/arm64-apple-ios.abi.json /Users/rishabhbansal/Library/Developer/Xcode/DerivedData/CardGenie-abzejwvgxjnzqnfepqusjahtzsma/Build/Intermediates.noindex/CardGenie.build/Debug-iphoneos/CardGenie.build/Objects-normal/arm64/CardGenie.abi.json (in target 'CardGenie' from project 'CardGenie')
    cd /Users/rishabhbansal/Documents/GitHub/CardGenie
    builtin-copy -exclude .DS_Store -exclude CVS -exclude .svn -exclude .git -exclude .hg -resolve-src-symlinks -rename /Users/rishabhbansal/Library/Developer/Xcode/DerivedData/CardGenie-abzejwvgxjnzqnfepqusjahtzsma/Build/Intermediates.noindex/CardGenie.build/Debug-iphoneos/CardGenie.build/Objects-normal/arm64/CardGenie.abi.json /Users/rishabhbansal/Library/Developer/Xcode/DerivedData/CardGenie-abzejwvgxjnzqnfepqusjahtzsma/Build/Products/Debug-iphoneos/CardGenie.swiftmodule/arm64-apple-ios.abi.json

Copy /Users/rishabhbansal/Library/Developer/Xcode/DerivedData/CardGenie-abzejwvgxjnzqnfepqusjahtzsma/Build/Products/Debug-iphoneos/CardGenie.swiftmodule/arm64-apple-ios.swiftdoc /Users/rishabhbansal/Library/Developer/Xcode/DerivedData/CardGenie-abzejwvgxjnzqnfepqusjahtzsma/Build/Intermediates.noindex/CardGenie.build/Debug-iphoneos/CardGenie.build/Objects-normal/arm64/CardGenie.swiftdoc (in target 'CardGenie' from project 'CardGenie')
    cd /Users/rishabhbansal/Documents/GitHub/CardGenie
    builtin-copy -exclude .DS_Store -exclude CVS -exclude .svn -exclude .git -exclude .hg -resolve-src-symlinks -rename /Users/rishabhbansal/Library/Developer/Xcode/DerivedData/CardGenie-abzejwvgxjnzqnfepqusjahtzsma/Build/Intermediates.noindex/CardGenie.build/Debug-iphoneos/CardGenie.build/Objects-normal/arm64/CardGenie.swiftdoc /Users/rishabhbansal/Library/Developer/Xcode/DerivedData/CardGenie-abzejwvgxjnzqnfepqusjahtzsma/Build/Products/Debug-iphoneos/CardGenie.swiftmodule/arm64-apple-ios.swiftdoc

Copy /Users/rishabhbansal/Library/Developer/Xcode/DerivedData/CardGenie-abzejwvgxjnzqnfepqusjahtzsma/Build/Products/Debug-iphoneos/CardGenie.swiftmodule/arm64-apple-ios.swiftmodule /Users/rishabhbansal/Library/Developer/Xcode/DerivedData/CardGenie-abzejwvgxjnzqnfepqusjahtzsma/Build/Intermediates.noindex/CardGenie.build/Debug-iphoneos/CardGenie.build/Objects-normal/arm64/CardGenie.swiftmodule (in target 'CardGenie' from project 'CardGenie')
    cd /Users/rishabhbansal/Documents/GitHub/CardGenie
    builtin-copy -exclude .DS_Store -exclude CVS -exclude .svn -exclude .git -exclude .hg -resolve-src-symlinks -rename /Users/rishabhbansal/Library/Developer/Xcode/DerivedData/CardGenie-abzejwvgxjnzqnfepqusjahtzsma/Build/Intermediates.noindex/CardGenie.build/Debug-iphoneos/CardGenie.build/Objects-normal/arm64/CardGenie.swiftmodule /Users/rishabhbansal/Library/Developer/Xcode/DerivedData/CardGenie-abzejwvgxjnzqnfepqusjahtzsma/Build/Products/Debug-iphoneos/CardGenie.swiftmodule/arm64-apple-ios.swiftmodule

Copy /Users/rishabhbansal/Library/Developer/Xcode/DerivedData/CardGenie-abzejwvgxjnzqnfepqusjahtzsma/Build/Products/Debug-iphoneos/CardGenie.swiftmodule/Project/arm64-apple-ios.swiftsourceinfo /Users/rishabhbansal/Library/Developer/Xcode/DerivedData/CardGenie-abzejwvgxjnzqnfepqusjahtzsma/Build/Intermediates.noindex/CardGenie.build/Debug-iphoneos/CardGenie.build/Objects-normal/arm64/CardGenie.swiftsourceinfo (in target 'CardGenie' from project 'CardGenie')
    cd /Users/rishabhbansal/Documents/GitHub/CardGenie
    builtin-copy -exclude .DS_Store -exclude CVS -exclude .svn -exclude .git -exclude .hg -resolve-src-symlinks -rename /Users/rishabhbansal/Library/Developer/Xcode/DerivedData/CardGenie-abzejwvgxjnzqnfepqusjahtzsma/Build/Intermediates.noindex/CardGenie.build/Debug-iphoneos/CardGenie.build/Objects-normal/arm64/CardGenie.swiftsourceinfo /Users/rishabhbansal/Library/Developer/Xcode/DerivedData/CardGenie-abzejwvgxjnzqnfepqusjahtzsma/Build/Products/Debug-iphoneos/CardGenie.swiftmodule/Project/arm64-apple-ios.swiftsourceinfo

SwiftDriverJobDiscovery normal arm64 Compiling CardGenieApp.swift, CacheManager.swift, EnhancedFeatureModels.swift, EnhancedModels.swift, FlashcardExporter.swift, FlashcardModels.swift (in target 'CardGenie' from project 'CardGenie')

SwiftDriverJobDiscovery normal arm64 Compiling ContentDetailView.swift, ContentListView.swift, DocumentScannerView.swift, FlashcardListView.swift, FlashcardStudyView.swift (in target 'CardGenie' from project 'CardGenie')

SwiftDriverJobDiscovery normal arm64 Compiling TagFlowLayout.swift, Components.swift, MagicEffects.swift, Theme.swift, FlashcardEditorView.swift (in target 'CardGenie' from project 'CardGenie')

SwiftDriverJobDiscovery normal arm64 Compiling StudyPlanView.swift, VoiceAssistantView.swift, VoiceRecordView.swift, AIEngine.swift, AISafety.swift (in target 'CardGenie' from project 'CardGenie')

SwiftDriverJobDiscovery normal arm64 Compiling HandwritingEditorView.swift, PhotoScanView.swift, ScanReviewView.swift, SettingsView.swift, StatisticsView.swift (in target 'CardGenie' from project 'CardGenie')

SwiftDriverJobDiscovery normal arm64 Compiling LiveLectureContext.swift, AIAvailabilityViews.swift, ARMemoryPalaceManager.swift, ARMemoryPalaceView.swift, ConceptMapView.swift (in target 'CardGenie' from project 'CardGenie')

SwiftDriver\ Compilation CardGenie normal arm64 com.apple.xcode.tools.swift.compiler (in target 'CardGenie' from project 'CardGenie')
    cd /Users/rishabhbansal/Documents/GitHub/CardGenie
    builtin-Swift-Compilation -- /Applications/Xcode.app/Contents/Developer/Toolchains/XcodeDefault.xctoolchain/usr/bin/swiftc -module-name CardGenie -Onone -enforce-exclusivity\=checked @/Users/rishabhbansal/Library/Developer/Xcode/DerivedData/CardGenie-abzejwvgxjnzqnfepqusjahtzsma/Build/Intermediates.noindex/CardGenie.build/Debug-iphoneos/CardGenie.build/Objects-normal/arm64/CardGenie.SwiftFileList -DDEBUG -default-isolation\=MainActor -enable-bare-slash-regex -enable-upcoming-feature DisableOutwardActorInference -enable-upcoming-feature InferSendableFromCaptures -enable-upcoming-feature GlobalActorIsolatedTypesUsability -enable-upcoming-feature MemberImportVisibility -enable-upcoming-feature InferIsolatedConformances -enable-upcoming-feature NonisolatedNonsendingByDefault -enable-experimental-feature DebugDescriptionMacro -sdk /Applications/Xcode.app/Contents/Developer/Platforms/iPhoneOS.platform/Developer/SDKs/iPhoneOS26.0.sdk -target arm64-apple-ios26.0 -g -module-cache-path /Users/rishabhbansal/Library/Developer/Xcode/DerivedData/ModuleCache.noindex -Xfrontend -serialize-debugging-options -profile-coverage-mapping -profile-generate -enable-testing -index-store-path /Users/rishabhbansal/Library/Developer/Xcode/DerivedData/CardGenie-abzejwvgxjnzqnfepqusjahtzsma/Index.noindex/DataStore -Xcc -D_LIBCPP_HARDENING_MODE\=_LIBCPP_HARDENING_MODE_DEBUG -swift-version 5 -I /Users/rishabhbansal/Library/Developer/Xcode/DerivedData/CardGenie-abzejwvgxjnzqnfepqusjahtzsma/Build/Products/Debug-iphoneos -F /Users/rishabhbansal/Library/Developer/Xcode/DerivedData/CardGenie-abzejwvgxjnzqnfepqusjahtzsma/Build/Products/Debug-iphoneos -c -j14 -enable-batch-mode -incremental -Xcc -ivfsstatcache -Xcc /Users/rishabhbansal/Library/Developer/Xcode/DerivedData/SDKStatCaches.noindex/iphoneos26.0-23A339-3885c01c3e6b6a337905948deab2002e81ce72e5b06c9602b9d30b56f2eed08a.sdkstatcache -output-file-map /Users/rishabhbansal/Library/Developer/Xcode/DerivedData/CardGenie-abzejwvgxjnzqnfepqusjahtzsma/Build/Intermediates.noindex/CardGenie.build/Debug-iphoneos/CardGenie.build/Objects-normal/arm64/CardGenie-OutputFileMap.json -use-frontend-parseable-output -save-temps -no-color-diagnostics -explicit-module-build -module-cache-path /Users/rishabhbansal/Library/Developer/Xcode/DerivedData/CardGenie-abzejwvgxjnzqnfepqusjahtzsma/Build/Intermediates.noindex/SwiftExplicitPrecompiledModules -clang-scanner-module-cache-path /Users/rishabhbansal/Library/Developer/Xcode/DerivedData/ModuleCache.noindex -sdk-module-cache-path /Users/rishabhbansal/Library/Developer/Xcode/DerivedData/ModuleCache.noindex -serialize-diagnostics -emit-dependencies -emit-module -emit-module-path /Users/rishabhbansal/Library/Developer/Xcode/DerivedData/CardGenie-abzejwvgxjnzqnfepqusjahtzsma/Build/Intermediates.noindex/CardGenie.build/Debug-iphoneos/CardGenie.build/Objects-normal/arm64/CardGenie.swiftmodule -validate-clang-modules-once -clang-build-session-file /Users/rishabhbansal/Library/Developer/Xcode/DerivedData/ModuleCache.noindex/Session.modulevalidation -Xcc -I/Users/rishabhbansal/Library/Developer/Xcode/DerivedData/CardGenie-abzejwvgxjnzqnfepqusjahtzsma/Build/Intermediates.noindex/CardGenie.build/Debug-iphoneos/CardGenie.build/swift-overrides.hmap -emit-const-values -Xfrontend -const-gather-protocols-file -Xfrontend /Users/rishabhbansal/Library/Developer/Xcode/DerivedData/CardGenie-abzejwvgxjnzqnfepqusjahtzsma/Build/Intermediates.noindex/CardGenie.build/Debug-iphoneos/CardGenie.build/Objects-normal/arm64/CardGenie_const_extract_protocols.json -Xcc -iquote -Xcc /Users/rishabhbansal/Library/Developer/Xcode/DerivedData/CardGenie-abzejwvgxjnzqnfepqusjahtzsma/Build/Intermediates.noindex/CardGenie.build/Debug-iphoneos/CardGenie.build/CardGenie-generated-files.hmap -Xcc -I/Users/rishabhbansal/Library/Developer/Xcode/DerivedData/CardGenie-abzejwvgxjnzqnfepqusjahtzsma/Build/Intermediates.noindex/CardGenie.build/Debug-iphoneos/CardGenie.build/CardGenie-own-target-headers.hmap -Xcc -I/Users/rishabhbansal/Library/Developer/Xcode/DerivedData/CardGenie-abzejwvgxjnzqnfepqusjahtzsma/Build/Intermediates.noindex/CardGenie.build/Debug-iphoneos/CardGenie.build/CardGenie-all-target-headers.hmap -Xcc -iquote -Xcc /Users/rishabhbansal/Library/Developer/Xcode/DerivedData/CardGenie-abzejwvgxjnzqnfepqusjahtzsma/Build/Intermediates.noindex/CardGenie.build/Debug-iphoneos/CardGenie.build/CardGenie-project-headers.hmap -Xcc -I/Users/rishabhbansal/Library/Developer/Xcode/DerivedData/CardGenie-abzejwvgxjnzqnfepqusjahtzsma/Build/Products/Debug-iphoneos/include -Xcc -I/Users/rishabhbansal/Library/Developer/Xcode/DerivedData/CardGenie-abzejwvgxjnzqnfepqusjahtzsma/Build/Intermediates.noindex/CardGenie.build/Debug-iphoneos/CardGenie.build/DerivedSources-normal/arm64 -Xcc -I/Users/rishabhbansal/Library/Developer/Xcode/DerivedData/CardGenie-abzejwvgxjnzqnfepqusjahtzsma/Build/Intermediates.noindex/CardGenie.build/Debug-iphoneos/CardGenie.build/DerivedSources/arm64 -Xcc -I/Users/rishabhbansal/Library/Developer/Xcode/DerivedData/CardGenie-abzejwvgxjnzqnfepqusjahtzsma/Build/Intermediates.noindex/CardGenie.build/Debug-iphoneos/CardGenie.build/DerivedSources -Xcc -DDEBUG\=1 -emit-objc-header -emit-objc-header-path /Users/rishabhbansal/Library/Developer/Xcode/DerivedData/CardGenie-abzejwvgxjnzqnfepqusjahtzsma/Build/Intermediates.noindex/CardGenie.build/Debug-iphoneos/CardGenie.build/Objects-normal/arm64/CardGenie-Swift.h -working-directory /Users/rishabhbansal/Documents/GitHub/CardGenie -experimental-emit-module-separately -disable-cmo

Ld /Users/rishabhbansal/Library/Developer/Xcode/DerivedData/CardGenie-abzejwvgxjnzqnfepqusjahtzsma/Build/Products/Debug-iphoneos/CardGenie.app/CardGenie.debug.dylib normal (in target 'CardGenie' from project 'CardGenie')
    cd /Users/rishabhbansal/Documents/GitHub/CardGenie
    /Applications/Xcode.app/Contents/Developer/Toolchains/XcodeDefault.xctoolchain/usr/bin/clang -Xlinker -reproducible -target arm64-apple-ios26.0 -dynamiclib -isysroot /Applications/Xcode.app/Contents/Developer/Platforms/iPhoneOS.platform/Developer/SDKs/iPhoneOS26.0.sdk -O0 -L/Users/rishabhbansal/Library/Developer/Xcode/DerivedData/CardGenie-abzejwvgxjnzqnfepqusjahtzsma/Build/Intermediates.noindex/EagerLinkingTBDs/Debug-iphoneos -L/Users/rishabhbansal/Library/Developer/Xcode/DerivedData/CardGenie-abzejwvgxjnzqnfepqusjahtzsma/Build/Products/Debug-iphoneos -F/Users/rishabhbansal/Library/Developer/Xcode/DerivedData/CardGenie-abzejwvgxjnzqnfepqusjahtzsma/Build/Intermediates.noindex/EagerLinkingTBDs/Debug-iphoneos -F/Users/rishabhbansal/Library/Developer/Xcode/DerivedData/CardGenie-abzejwvgxjnzqnfepqusjahtzsma/Build/Products/Debug-iphoneos -filelist /Users/rishabhbansal/Library/Developer/Xcode/DerivedData/CardGenie-abzejwvgxjnzqnfepqusjahtzsma/Build/Intermediates.noindex/CardGenie.build/Debug-iphoneos/CardGenie.build/Objects-normal/arm64/CardGenie.LinkFileList -install_name @rpath/CardGenie.debug.dylib -Xlinker -rpath -Xlinker @executable_path/Frameworks -dead_strip -Xlinker -object_path_lto -Xlinker /Users/rishabhbansal/Library/Developer/Xcode/DerivedData/CardGenie-abzejwvgxjnzqnfepqusjahtzsma/Build/Intermediates.noindex/CardGenie.build/Debug-iphoneos/CardGenie.build/Objects-normal/arm64/CardGenie_lto.o -rdynamic -Xlinker -no_deduplicate -Xlinker -debug_variant -Xlinker -dependency_info -Xlinker /Users/rishabhbansal/Library/Developer/Xcode/DerivedData/CardGenie-abzejwvgxjnzqnfepqusjahtzsma/Build/Intermediates.noindex/CardGenie.build/Debug-iphoneos/CardGenie.build/Objects-normal/arm64/CardGenie_dependency_info.dat -fobjc-link-runtime -fprofile-instr-generate -L/Applications/Xcode.app/Contents/Developer/Toolchains/XcodeDefault.xctoolchain/usr/lib/swift/iphoneos -L/usr/lib/swift -Xlinker -add_ast_path -Xlinker /Users/rishabhbansal/Library/Developer/Xcode/DerivedData/CardGenie-abzejwvgxjnzqnfepqusjahtzsma/Build/Intermediates.noindex/CardGenie.build/Debug-iphoneos/CardGenie.build/Objects-normal/arm64/CardGenie.swiftmodule @/Users/rishabhbansal/Library/Developer/Xcode/DerivedData/CardGenie-abzejwvgxjnzqnfepqusjahtzsma/Build/Intermediates.noindex/CardGenie.build/Debug-iphoneos/CardGenie.build/Objects-normal/arm64/CardGenie-linker-args.resp -Xlinker -alias -Xlinker _main -Xlinker ___debug_main_executable_dylib_entry_point -Xlinker -no_adhoc_codesign -o /Users/rishabhbansal/Library/Developer/Xcode/DerivedData/CardGenie-abzejwvgxjnzqnfepqusjahtzsma/Build/Products/Debug-iphoneos/CardGenie.app/CardGenie.debug.dylib

ConstructStubExecutorLinkFileList /Users/rishabhbansal/Library/Developer/Xcode/DerivedData/CardGenie-abzejwvgxjnzqnfepqusjahtzsma/Build/Intermediates.noindex/CardGenie.build/Debug-iphoneos/CardGenie.build/CardGenie-ExecutorLinkFileList-normal-arm64.txt (in target 'CardGenie' from project 'CardGenie')
    cd /Users/rishabhbansal/Documents/GitHub/CardGenie
    construct-stub-executor-link-file-list /Users/rishabhbansal/Library/Developer/Xcode/DerivedData/CardGenie-abzejwvgxjnzqnfepqusjahtzsma/Build/Products/Debug-iphoneos/CardGenie.app/CardGenie.debug.dylib /Applications/Xcode.app/Contents/Developer/Platforms/iPhoneOS.platform/Developer/usr/lib/libPreviewsJITStubExecutor_no_swift_entry_point.a /Applications/Xcode.app/Contents/Developer/Platforms/iPhoneOS.platform/Developer/usr/lib/libPreviewsJITStubExecutor.a --output /Users/rishabhbansal/Library/Developer/Xcode/DerivedData/CardGenie-abzejwvgxjnzqnfepqusjahtzsma/Build/Intermediates.noindex/CardGenie.build/Debug-iphoneos/CardGenie.build/CardGenie-ExecutorLinkFileList-normal-arm64.txt
note: Using stub executor library with Swift entry point. (in target 'CardGenie' from project 'CardGenie')

Ld /Users/rishabhbansal/Library/Developer/Xcode/DerivedData/CardGenie-abzejwvgxjnzqnfepqusjahtzsma/Build/Products/Debug-iphoneos/CardGenie.app/CardGenie normal (in target 'CardGenie' from project 'CardGenie')
    cd /Users/rishabhbansal/Documents/GitHub/CardGenie
    /Applications/Xcode.app/Contents/Developer/Toolchains/XcodeDefault.xctoolchain/usr/bin/clang -Xlinker -reproducible -target arm64-apple-ios26.0 -isysroot /Applications/Xcode.app/Contents/Developer/Platforms/iPhoneOS.platform/Developer/SDKs/iPhoneOS26.0.sdk -O0 -L/Users/rishabhbansal/Library/Developer/Xcode/DerivedData/CardGenie-abzejwvgxjnzqnfepqusjahtzsma/Build/Products/Debug-iphoneos -F/Users/rishabhbansal/Library/Developer/Xcode/DerivedData/CardGenie-abzejwvgxjnzqnfepqusjahtzsma/Build/Products/Debug-iphoneos -Xlinker -rpath -Xlinker @executable_path -Xlinker -rpath -Xlinker @executable_path/Frameworks -rdynamic -Xlinker -no_deduplicate -Xlinker -debug_variant -e ___debug_blank_executor_main -Xlinker -sectcreate -Xlinker __TEXT -Xlinker __debug_dylib -Xlinker /Users/rishabhbansal/Library/Developer/Xcode/DerivedData/CardGenie-abzejwvgxjnzqnfepqusjahtzsma/Build/Intermediates.noindex/CardGenie.build/Debug-iphoneos/CardGenie.build/CardGenie-DebugDylibPath-normal-arm64.txt -Xlinker -sectcreate -Xlinker __TEXT -Xlinker __debug_instlnm -Xlinker /Users/rishabhbansal/Library/Developer/Xcode/DerivedData/CardGenie-abzejwvgxjnzqnfepqusjahtzsma/Build/Intermediates.noindex/CardGenie.build/Debug-iphoneos/CardGenie.build/CardGenie-DebugDylibInstallName-normal-arm64.txt -Xlinker -filelist -Xlinker /Users/rishabhbansal/Library/Developer/Xcode/DerivedData/CardGenie-abzejwvgxjnzqnfepqusjahtzsma/Build/Intermediates.noindex/CardGenie.build/Debug-iphoneos/CardGenie.build/CardGenie-ExecutorLinkFileList-normal-arm64.txt /Users/rishabhbansal/Library/Developer/Xcode/DerivedData/CardGenie-abzejwvgxjnzqnfepqusjahtzsma/Build/Products/Debug-iphoneos/CardGenie.app/CardGenie.debug.dylib -Xlinker -no_adhoc_codesign -o /Users/rishabhbansal/Library/Developer/Xcode/DerivedData/CardGenie-abzejwvgxjnzqnfepqusjahtzsma/Build/Products/Debug-iphoneos/CardGenie.app/CardGenie

CopySwiftLibs /Users/rishabhbansal/Library/Developer/Xcode/DerivedData/CardGenie-abzejwvgxjnzqnfepqusjahtzsma/Build/Products/Debug-iphoneos/CardGenie.app (in target 'CardGenie' from project 'CardGenie')
    cd /Users/rishabhbansal/Documents/GitHub/CardGenie
    builtin-swiftStdLibTool --copy --verbose --sign 50E6869EE61B693AFA482C79C449AFDA5F9E1A65 --scan-executable /Users/rishabhbansal/Library/Developer/Xcode/DerivedData/CardGenie-abzejwvgxjnzqnfepqusjahtzsma/Build/Products/Debug-iphoneos/CardGenie.app/CardGenie.debug.dylib --scan-folder /Users/rishabhbansal/Library/Developer/Xcode/DerivedData/CardGenie-abzejwvgxjnzqnfepqusjahtzsma/Build/Products/Debug-iphoneos/CardGenie.app/Frameworks --scan-folder /Users/rishabhbansal/Library/Developer/Xcode/DerivedData/CardGenie-abzejwvgxjnzqnfepqusjahtzsma/Build/Products/Debug-iphoneos/CardGenie.app/PlugIns --scan-folder /Users/rishabhbansal/Library/Developer/Xcode/DerivedData/CardGenie-abzejwvgxjnzqnfepqusjahtzsma/Build/Products/Debug-iphoneos/CardGenie.app/SystemExtensions --scan-folder /Users/rishabhbansal/Library/Developer/Xcode/DerivedData/CardGenie-abzejwvgxjnzqnfepqusjahtzsma/Build/Products/Debug-iphoneos/CardGenie.app/Extensions --platform iphoneos --toolchain /var/run/com.apple.security.cryptexd/mnt/com.apple.MobileAsset.MetalToolchain-v17.1.324.0.kQQrsA/Metal.xctoolchain --toolchain /Applications/Xcode.app/Contents/Developer/Toolchains/XcodeDefault.xctoolchain --destination /Users/rishabhbansal/Library/Developer/Xcode/DerivedData/CardGenie-abzejwvgxjnzqnfepqusjahtzsma/Build/Products/Debug-iphoneos/CardGenie.app/Frameworks --strip-bitcode --strip-bitcode-tool /Applications/Xcode.app/Contents/Developer/Toolchains/XcodeDefault.xctoolchain/usr/bin/bitcode_strip --emit-dependency-info /Users/rishabhbansal/Library/Developer/Xcode/DerivedData/CardGenie-abzejwvgxjnzqnfepqusjahtzsma/Build/Intermediates.noindex/CardGenie.build/Debug-iphoneos/CardGenie.build/SwiftStdLibToolInputDependencies.dep --filter-for-swift-os

ExtractAppIntentsMetadata (in target 'CardGenie' from project 'CardGenie')
    cd /Users/rishabhbansal/Documents/GitHub/CardGenie
    /Applications/Xcode.app/Contents/Developer/Toolchains/XcodeDefault.xctoolchain/usr/bin/appintentsmetadataprocessor --toolchain-dir /var/run/com.apple.security.cryptexd/mnt/com.apple.MobileAsset.MetalToolchain-v17.1.324.0.kQQrsA/Metal.xctoolchain --module-name CardGenie --sdk-root /Applications/Xcode.app/Contents/Developer/Platforms/iPhoneOS.platform/Developer/SDKs/iPhoneOS26.0.sdk --xcode-version 17A400 --platform-family iOS --deployment-target 26.0 --bundle-identifier com.rishabh.CardGenie --output /Users/rishabhbansal/Library/Developer/Xcode/DerivedData/CardGenie-abzejwvgxjnzqnfepqusjahtzsma/Build/Products/Debug-iphoneos/CardGenie.app --target-triple arm64-apple-ios26.0 --binary-file /Users/rishabhbansal/Library/Developer/Xcode/DerivedData/CardGenie-abzejwvgxjnzqnfepqusjahtzsma/Build/Products/Debug-iphoneos/CardGenie.app/CardGenie --dependency-file /Users/rishabhbansal/Library/Developer/Xcode/DerivedData/CardGenie-abzejwvgxjnzqnfepqusjahtzsma/Build/Intermediates.noindex/CardGenie.build/Debug-iphoneos/CardGenie.build/Objects-normal/arm64/CardGenie_dependency_info.dat --stringsdata-file /Users/rishabhbansal/Library/Developer/Xcode/DerivedData/CardGenie-abzejwvgxjnzqnfepqusjahtzsma/Build/Intermediates.noindex/CardGenie.build/Debug-iphoneos/CardGenie.build/Objects-normal/arm64/ExtractedAppShortcutsMetadata.stringsdata --source-file-list /Users/rishabhbansal/Library/Developer/Xcode/DerivedData/CardGenie-abzejwvgxjnzqnfepqusjahtzsma/Build/Intermediates.noindex/CardGenie.build/Debug-iphoneos/CardGenie.build/Objects-normal/arm64/CardGenie.SwiftFileList --metadata-file-list /Users/rishabhbansal/Library/Developer/Xcode/DerivedData/CardGenie-abzejwvgxjnzqnfepqusjahtzsma/Build/Intermediates.noindex/CardGenie.build/Debug-iphoneos/CardGenie.build/CardGenie.DependencyMetadataFileList --static-metadata-file-list /Users/rishabhbansal/Library/Developer/Xcode/DerivedData/CardGenie-abzejwvgxjnzqnfepqusjahtzsma/Build/Intermediates.noindex/CardGenie.build/Debug-iphoneos/CardGenie.build/CardGenie.DependencyStaticMetadataFileList --swift-const-vals-list /Users/rishabhbansal/Library/Developer/Xcode/DerivedData/CardGenie-abzejwvgxjnzqnfepqusjahtzsma/Build/Intermediates.noindex/CardGenie.build/Debug-iphoneos/CardGenie.build/Objects-normal/arm64/CardGenie.SwiftConstValuesFileList --compile-time-extraction --deployment-aware-processing --validate-assistant-intents --no-app-shortcuts-localization
2025-10-29 15:15:27.330 appintentsmetadataprocessor[17698:1160524] Starting appintentsmetadataprocessor export
2025-10-29 15:15:27.331 appintentsmetadataprocessor[17698:1160524] warning: Metadata extraction skipped. No AppIntents.framework dependency found.

AppIntentsSSUTraining (in target 'CardGenie' from project 'CardGenie')
    cd /Users/rishabhbansal/Documents/GitHub/CardGenie
    /Applications/Xcode.app/Contents/Developer/Toolchains/XcodeDefault.xctoolchain/usr/bin/appintentsnltrainingprocessor --infoplist-path /Users/rishabhbansal/Library/Developer/Xcode/DerivedData/CardGenie-abzejwvgxjnzqnfepqusjahtzsma/Build/Products/Debug-iphoneos/CardGenie.app/Info.plist --temp-dir-path /Users/rishabhbansal/Library/Developer/Xcode/DerivedData/CardGenie-abzejwvgxjnzqnfepqusjahtzsma/Build/Intermediates.noindex/CardGenie.build/Debug-iphoneos/CardGenie.build/ssu --bundle-id com.rishabh.CardGenie --product-path /Users/rishabhbansal/Library/Developer/Xcode/DerivedData/CardGenie-abzejwvgxjnzqnfepqusjahtzsma/Build/Products/Debug-iphoneos/CardGenie.app --extracted-metadata-path /Users/rishabhbansal/Library/Developer/Xcode/DerivedData/CardGenie-abzejwvgxjnzqnfepqusjahtzsma/Build/Products/Debug-iphoneos/CardGenie.app/Metadata.appintents --metadata-file-list /Users/rishabhbansal/Library/Developer/Xcode/DerivedData/CardGenie-abzejwvgxjnzqnfepqusjahtzsma/Build/Intermediates.noindex/CardGenie.build/Debug-iphoneos/CardGenie.build/CardGenie.DependencyMetadataFileList --archive-ssu-assets
2025-10-29 15:15:27.346 appintentsnltrainingprocessor[17699:1160528] Parsing options for appintentsnltrainingprocessor
2025-10-29 15:15:27.346 appintentsnltrainingprocessor[17699:1160528] No AppShortcuts found - Skipping.

CodeSign /Users/rishabhbansal/Library/Developer/Xcode/DerivedData/CardGenie-abzejwvgxjnzqnfepqusjahtzsma/Build/Products/Debug-iphoneos/CardGenie.app/CardGenie.debug.dylib (in target 'CardGenie' from project 'CardGenie')
    cd /Users/rishabhbansal/Documents/GitHub/CardGenie
    
    Signing Identity:     "Apple Development: rishabh.rb@icloud.com (PV5R7RPV34)"
    Provisioning Profile: "iOS Team Provisioning Profile: com.rishabh.CardGenie"
                          (8a89ffcd-6f6e-4319-963e-cfbd52a26ff7)
    
    /usr/bin/codesign --force --sign 50E6869EE61B693AFA482C79C449AFDA5F9E1A65 --timestamp\=none --generate-entitlement-der /Users/rishabhbansal/Library/Developer/Xcode/DerivedData/CardGenie-abzejwvgxjnzqnfepqusjahtzsma/Build/Products/Debug-iphoneos/CardGenie.app/CardGenie.debug.dylib

CodeSign /Users/rishabhbansal/Library/Developer/Xcode/DerivedData/CardGenie-abzejwvgxjnzqnfepqusjahtzsma/Build/Products/Debug-iphoneos/CardGenie.app/__preview.dylib (in target 'CardGenie' from project 'CardGenie')
    cd /Users/rishabhbansal/Documents/GitHub/CardGenie
    
    Signing Identity:     "Apple Development: rishabh.rb@icloud.com (PV5R7RPV34)"
    Provisioning Profile: "iOS Team Provisioning Profile: com.rishabh.CardGenie"
                          (8a89ffcd-6f6e-4319-963e-cfbd52a26ff7)
    
    /usr/bin/codesign --force --sign 50E6869EE61B693AFA482C79C449AFDA5F9E1A65 --timestamp\=none --generate-entitlement-der /Users/rishabhbansal/Library/Developer/Xcode/DerivedData/CardGenie-abzejwvgxjnzqnfepqusjahtzsma/Build/Products/Debug-iphoneos/CardGenie.app/__preview.dylib

CodeSign /Users/rishabhbansal/Library/Developer/Xcode/DerivedData/CardGenie-abzejwvgxjnzqnfepqusjahtzsma/Build/Products/Debug-iphoneos/CardGenie.app (in target 'CardGenie' from project 'CardGenie')
    cd /Users/rishabhbansal/Documents/GitHub/CardGenie
    
    Signing Identity:     "Apple Development: rishabh.rb@icloud.com (PV5R7RPV34)"
    Provisioning Profile: "iOS Team Provisioning Profile: com.rishabh.CardGenie"
                          (8a89ffcd-6f6e-4319-963e-cfbd52a26ff7)
    
    /usr/bin/codesign --force --sign 50E6869EE61B693AFA482C79C449AFDA5F9E1A65 --entitlements /Users/rishabhbansal/Library/Developer/Xcode/DerivedData/CardGenie-abzejwvgxjnzqnfepqusjahtzsma/Build/Intermediates.noindex/CardGenie.build/Debug-iphoneos/CardGenie.build/CardGenie.app.xcent --timestamp\=none --generate-entitlement-der /Users/rishabhbansal/Library/Developer/Xcode/DerivedData/CardGenie-abzejwvgxjnzqnfepqusjahtzsma/Build/Products/Debug-iphoneos/CardGenie.app

RegisterExecutionPolicyException /Users/rishabhbansal/Library/Developer/Xcode/DerivedData/CardGenie-abzejwvgxjnzqnfepqusjahtzsma/Build/Products/Debug-iphoneos/CardGenie.app (in target 'CardGenie' from project 'CardGenie')
    cd /Users/rishabhbansal/Documents/GitHub/CardGenie
    builtin-RegisterExecutionPolicyException /Users/rishabhbansal/Library/Developer/Xcode/DerivedData/CardGenie-abzejwvgxjnzqnfepqusjahtzsma/Build/Products/Debug-iphoneos/CardGenie.app

Validate /Users/rishabhbansal/Library/Developer/Xcode/DerivedData/CardGenie-abzejwvgxjnzqnfepqusjahtzsma/Build/Products/Debug-iphoneos/CardGenie.app (in target 'CardGenie' from project 'CardGenie')
    cd /Users/rishabhbansal/Documents/GitHub/CardGenie
    builtin-validationUtility /Users/rishabhbansal/Library/Developer/Xcode/DerivedData/CardGenie-abzejwvgxjnzqnfepqusjahtzsma/Build/Products/Debug-iphoneos/CardGenie.app -shallow-bundle -infoplist-subpath Info.plist

Touch /Users/rishabhbansal/Library/Developer/Xcode/DerivedData/CardGenie-abzejwvgxjnzqnfepqusjahtzsma/Build/Products/Debug-iphoneos/CardGenie.app (in target 'CardGenie' from project 'CardGenie')
    cd /Users/rishabhbansal/Documents/GitHub/CardGenie
    /usr/bin/touch -c /Users/rishabhbansal/Library/Developer/Xcode/DerivedData/CardGenie-abzejwvgxjnzqnfepqusjahtzsma/Build/Products/Debug-iphoneos/CardGenie.app

** BUILD SUCCEEDED **

